2023-11-26 14:24:43,498 INFO    StreamThr :7616 [internal.py:wandb_internal():86] W&B internal server running at pid: 7616, started at: 2023-11-26 14:24:43.497076
2023-11-26 14:24:43,499 DEBUG   HandlerThread:7616 [handler.py:handle_request():144] handle_request: status
2023-11-26 14:24:43,503 INFO    WriterThread:7616 [datastore.py:open_for_write():85] open: E:\自动驾驶\车位检测\parking-space-Identification-in-different-weather-main\wandb\run-20231126_142443-nltwrpuf\run-nltwrpuf.wandb
2023-11-26 14:24:43,505 DEBUG   SenderThread:7616 [sender.py:send():380] send: header
2023-11-26 14:24:43,505 DEBUG   SenderThread:7616 [sender.py:send():380] send: run
2023-11-26 14:24:44,306 INFO    SenderThread:7616 [dir_watcher.py:__init__():211] watching files in: E:\自动驾驶\车位检测\parking-space-Identification-in-different-weather-main\wandb\run-20231126_142443-nltwrpuf\files
2023-11-26 14:24:44,306 INFO    SenderThread:7616 [sender.py:_start_run_threads():1122] run started: nltwrpuf with start time 1700979883.497075
2023-11-26 14:24:44,318 DEBUG   HandlerThread:7616 [handler.py:handle_request():144] handle_request: check_version
2023-11-26 14:24:44,318 DEBUG   SenderThread:7616 [sender.py:send_request():407] send_request: check_version
2023-11-26 14:24:49,287 DEBUG   HandlerThread:7616 [handler.py:handle_request():144] handle_request: status_report
2023-11-26 14:24:49,299 DEBUG   HandlerThread:7616 [handler.py:handle_request():144] handle_request: run_start
2023-11-26 14:24:49,353 DEBUG   HandlerThread:7616 [system_info.py:__init__():32] System info init
2023-11-26 14:24:49,353 DEBUG   HandlerThread:7616 [system_info.py:__init__():47] System info init done
2023-11-26 14:24:49,353 INFO    HandlerThread:7616 [system_monitor.py:start():181] Starting system monitor
2023-11-26 14:24:49,353 INFO    SystemMonitor:7616 [system_monitor.py:_start():145] Starting system asset monitoring threads
2023-11-26 14:24:49,353 INFO    HandlerThread:7616 [system_monitor.py:probe():201] Collecting system info
2023-11-26 14:24:49,358 INFO    SystemMonitor:7616 [interfaces.py:start():190] Started cpu monitoring
2023-11-26 14:24:49,359 INFO    SystemMonitor:7616 [interfaces.py:start():190] Started disk monitoring
2023-11-26 14:24:49,359 INFO    SystemMonitor:7616 [interfaces.py:start():190] Started gpu monitoring
2023-11-26 14:24:49,360 INFO    SystemMonitor:7616 [interfaces.py:start():190] Started memory monitoring
2023-11-26 14:24:49,381 INFO    SystemMonitor:7616 [interfaces.py:start():190] Started network monitoring
2023-11-26 14:24:49,414 DEBUG   HandlerThread:7616 [system_info.py:probe():196] Probing system
2023-11-26 14:24:49,414 DEBUG   HandlerThread:7616 [system_info.py:probe():244] Probing system done
2023-11-26 14:24:49,414 DEBUG   HandlerThread:7616 [system_monitor.py:probe():210] {'os': 'Windows-10-10.0.22000-SP0', 'python': '3.10.9', 'heartbeatAt': '2023-11-26T06:24:49.414753', 'startedAt': '2023-11-26T06:24:43.473891', 'docker': None, 'cuda': None, 'args': ('--task=P', '--weather=foggy', '--model=mynet'), 'state': 'running', 'program': 'E:\\自动驾驶\\车位检测\\parking-space-Identification-in-different-weather-main\\train.py', 'codePathLocal': 'train.py', 'codePath': 'train.py', 'host': 'LAPTOP-QIVT4NMT', 'username': 'lenovo', 'executable': 'E:\\anaconda\\python.exe', 'cpu_count': 8, 'cpu_count_logical': 16, 'cpu_freq': {'current': 2555.0, 'min': 0.0, 'max': 3201.0}, 'cpu_freq_per_core': [{'current': 2555.0, 'min': 0.0, 'max': 3201.0}], 'disk': {'/': {'total': 465.74511337280273, 'used': 103.92374801635742}}, 'gpu': 'NVIDIA GeForce RTX 3060 Laptop GPU', 'gpu_count': 1, 'gpu_devices': [{'name': 'NVIDIA GeForce RTX 3060 Laptop GPU', 'memory_total': 6442450944}], 'memory': {'total': 15.855525970458984}}
2023-11-26 14:24:49,414 INFO    HandlerThread:7616 [system_monitor.py:probe():211] Finished collecting system info
2023-11-26 14:24:49,414 INFO    HandlerThread:7616 [system_monitor.py:probe():214] Publishing system info
2023-11-26 14:24:49,414 DEBUG   HandlerThread:7616 [system_info.py:_save_pip():52] Saving list of pip packages installed into the current environment
2023-11-26 14:24:49,427 DEBUG   HandlerThread:7616 [system_info.py:_save_pip():68] Saving pip packages done
2023-11-26 14:24:49,427 DEBUG   HandlerThread:7616 [system_info.py:_save_conda():75] Saving list of conda packages installed into the current environment
2023-11-26 14:24:49,431 ERROR   gpu       :7616 [interfaces.py:monitor():144] Failed to sample metric: Not Supported
2023-11-26 14:24:50,358 INFO    Thread-12 :7616 [dir_watcher.py:_on_file_created():271] file/dir created: E:\自动驾驶\车位检测\parking-space-Identification-in-different-weather-main\wandb\run-20231126_142443-nltwrpuf\files\requirements.txt
2023-11-26 14:24:50,358 INFO    Thread-12 :7616 [dir_watcher.py:_on_file_created():271] file/dir created: E:\自动驾驶\车位检测\parking-space-Identification-in-different-weather-main\wandb\run-20231126_142443-nltwrpuf\files\conda-environment.yaml
2023-11-26 14:24:51,479 ERROR   gpu       :7616 [interfaces.py:monitor():144] Failed to sample metric: Not Supported
2023-11-26 14:24:53,520 ERROR   gpu       :7616 [interfaces.py:monitor():144] Failed to sample metric: Not Supported
2023-11-26 14:24:55,581 ERROR   gpu       :7616 [interfaces.py:monitor():144] Failed to sample metric: Not Supported
2023-11-26 14:24:55,756 DEBUG   HandlerThread:7616 [system_info.py:_save_conda():87] Saving conda packages done
2023-11-26 14:24:55,757 INFO    HandlerThread:7616 [system_monitor.py:probe():216] Finished publishing system info
2023-11-26 14:24:55,821 DEBUG   HandlerThread:7616 [handler.py:handle_request():144] handle_request: status_report
2023-11-26 14:24:55,821 DEBUG   HandlerThread:7616 [handler.py:handle_request():144] handle_request: keepalive
2023-11-26 14:24:55,821 DEBUG   SenderThread:7616 [sender.py:send():380] send: files
2023-11-26 14:24:55,822 INFO    SenderThread:7616 [sender.py:_save_file():1378] saving file wandb-metadata.json with policy now
2023-11-26 14:24:55,831 DEBUG   HandlerThread:7616 [handler.py:handle_request():144] handle_request: stop_status
2023-11-26 14:24:55,831 DEBUG   SenderThread:7616 [sender.py:send_request():407] send_request: stop_status
2023-11-26 14:24:55,832 DEBUG   HandlerThread:7616 [handler.py:handle_request():144] handle_request: internal_messages
2023-11-26 14:24:56,258 DEBUG   SenderThread:7616 [sender.py:send():380] send: telemetry
2023-11-26 14:24:56,423 INFO    Thread-12 :7616 [dir_watcher.py:_on_file_modified():288] file/dir modified: E:\自动驾驶\车位检测\parking-space-Identification-in-different-weather-main\wandb\run-20231126_142443-nltwrpuf\files\conda-environment.yaml
2023-11-26 14:24:56,423 INFO    Thread-12 :7616 [dir_watcher.py:_on_file_created():271] file/dir created: E:\自动驾驶\车位检测\parking-space-Identification-in-different-weather-main\wandb\run-20231126_142443-nltwrpuf\files\wandb-metadata.json
2023-11-26 14:24:56,424 INFO    Thread-12 :7616 [dir_watcher.py:_on_file_created():271] file/dir created: E:\自动驾驶\车位检测\parking-space-Identification-in-different-weather-main\wandb\run-20231126_142443-nltwrpuf\files\output.log
2023-11-26 14:24:56,626 ERROR   wandb-upload_0:7616 [internal_api.py:upload_file():2556] upload_file exception https://storage.googleapis.com/wandb-production.appspot.com/princeporch/uncategorized/nltwrpuf/wandb-metadata.json?Expires=1701066307&GoogleAccessId=gorilla-files-url-signer-man%40wandb-production.iam.gserviceaccount.com&Signature=ZSyEEz%2Bn6YLzViGT4yrxfC5rgKZUd1Tz3MYeO3Ed91IOkEMb4pRiDOm98Th1B65xzJlE7Zm9hJZcBCB1a%2B7mMWMaDchSQBs3wc%2FqRGES6ZI5Xe7lnBCZgbJryqpgKEqtRfpH0Qxf9xCaryZObnhQDsyRU0icXFKGtAktQOKSsO0Y1MmG9Hfh3R1YJz%2BTx01TqZjIF8Gx4FpHYtxQH728JS9VDhI22khEuqshw8d3pdVbdUSExgEelpb49wc4m6%2F6z1T4JGzU42gzVyBbnfqer2EFAcMo%2BNd4QsyKl2uzbHFRA3R3%2FBbywrxShuBT8hdcAqCA8st%2FMxvETXnyKh%2F6TA%3D%3D: ('Connection aborted.', ConnectionResetError(10054, '远程主机强迫关闭了一个现有的连接。', None, 10054, None))
2023-11-26 14:24:56,627 ERROR   wandb-upload_0:7616 [internal_api.py:upload_file():2558] upload_file request headers: {'User-Agent': 'python-requests/2.29.0', 'Accept-Encoding': 'gzip, deflate, br', 'Accept': '*/*', 'Connection': 'keep-alive', 'Content-Length': '1347'}
2023-11-26 14:24:56,627 ERROR   wandb-upload_0:7616 [internal_api.py:upload_file():2560] upload_file response body: 
2023-11-26 14:24:57,634 ERROR   gpu       :7616 [interfaces.py:monitor():144] Failed to sample metric: Not Supported
2023-11-26 14:24:57,964 ERROR   wandb-upload_0:7616 [internal_api.py:upload_file():2556] upload_file exception https://storage.googleapis.com/wandb-production.appspot.com/princeporch/uncategorized/nltwrpuf/wandb-metadata.json?Expires=1701066307&GoogleAccessId=gorilla-files-url-signer-man%40wandb-production.iam.gserviceaccount.com&Signature=ZSyEEz%2Bn6YLzViGT4yrxfC5rgKZUd1Tz3MYeO3Ed91IOkEMb4pRiDOm98Th1B65xzJlE7Zm9hJZcBCB1a%2B7mMWMaDchSQBs3wc%2FqRGES6ZI5Xe7lnBCZgbJryqpgKEqtRfpH0Qxf9xCaryZObnhQDsyRU0icXFKGtAktQOKSsO0Y1MmG9Hfh3R1YJz%2BTx01TqZjIF8Gx4FpHYtxQH728JS9VDhI22khEuqshw8d3pdVbdUSExgEelpb49wc4m6%2F6z1T4JGzU42gzVyBbnfqer2EFAcMo%2BNd4QsyKl2uzbHFRA3R3%2FBbywrxShuBT8hdcAqCA8st%2FMxvETXnyKh%2F6TA%3D%3D: ('Connection aborted.', ConnectionResetError(10054, '远程主机强迫关闭了一个现有的连接。', None, 10054, None))
2023-11-26 14:24:57,964 ERROR   wandb-upload_0:7616 [internal_api.py:upload_file():2558] upload_file request headers: {'User-Agent': 'python-requests/2.29.0', 'Accept-Encoding': 'gzip, deflate, br', 'Accept': '*/*', 'Connection': 'keep-alive', 'Content-Length': '1347'}
2023-11-26 14:24:57,964 ERROR   wandb-upload_0:7616 [internal_api.py:upload_file():2560] upload_file response body: 
2023-11-26 14:24:58,441 INFO    Thread-12 :7616 [dir_watcher.py:_on_file_modified():288] file/dir modified: E:\自动驾驶\车位检测\parking-space-Identification-in-different-weather-main\wandb\run-20231126_142443-nltwrpuf\files\output.log
2023-11-26 14:24:59,685 ERROR   gpu       :7616 [interfaces.py:monitor():144] Failed to sample metric: Not Supported
2023-11-26 14:25:00,309 DEBUG   HandlerThread:7616 [handler.py:handle_request():144] handle_request: status_report
2023-11-26 14:25:00,665 ERROR   wandb-upload_0:7616 [internal_api.py:upload_file():2556] upload_file exception https://storage.googleapis.com/wandb-production.appspot.com/princeporch/uncategorized/nltwrpuf/wandb-metadata.json?Expires=1701066307&GoogleAccessId=gorilla-files-url-signer-man%40wandb-production.iam.gserviceaccount.com&Signature=ZSyEEz%2Bn6YLzViGT4yrxfC5rgKZUd1Tz3MYeO3Ed91IOkEMb4pRiDOm98Th1B65xzJlE7Zm9hJZcBCB1a%2B7mMWMaDchSQBs3wc%2FqRGES6ZI5Xe7lnBCZgbJryqpgKEqtRfpH0Qxf9xCaryZObnhQDsyRU0icXFKGtAktQOKSsO0Y1MmG9Hfh3R1YJz%2BTx01TqZjIF8Gx4FpHYtxQH728JS9VDhI22khEuqshw8d3pdVbdUSExgEelpb49wc4m6%2F6z1T4JGzU42gzVyBbnfqer2EFAcMo%2BNd4QsyKl2uzbHFRA3R3%2FBbywrxShuBT8hdcAqCA8st%2FMxvETXnyKh%2F6TA%3D%3D: ('Connection aborted.', ConnectionResetError(10054, '远程主机强迫关闭了一个现有的连接。', None, 10054, None))
2023-11-26 14:25:00,666 ERROR   wandb-upload_0:7616 [internal_api.py:upload_file():2558] upload_file request headers: {'User-Agent': 'python-requests/2.29.0', 'Accept-Encoding': 'gzip, deflate, br', 'Accept': '*/*', 'Connection': 'keep-alive', 'Content-Length': '1347'}
2023-11-26 14:25:00,666 ERROR   wandb-upload_0:7616 [internal_api.py:upload_file():2560] upload_file response body: 
2023-11-26 14:25:00,666 INFO    wandb-upload_0:7616 [retry.py:__call__():172] Retry attempt failed:
Traceback (most recent call last):
  File "E:\anaconda\lib\site-packages\urllib3\connectionpool.py", line 714, in urlopen
    httplib_response = self._make_request(
  File "E:\anaconda\lib\site-packages\urllib3\connectionpool.py", line 403, in _make_request
    self._validate_conn(conn)
  File "E:\anaconda\lib\site-packages\urllib3\connectionpool.py", line 1053, in _validate_conn
    conn.connect()
  File "E:\anaconda\lib\site-packages\urllib3\connection.py", line 419, in connect
    self.sock = ssl_wrap_socket(
  File "E:\anaconda\lib\site-packages\urllib3\util\ssl_.py", line 449, in ssl_wrap_socket
    ssl_sock = _ssl_wrap_socket_impl(
  File "E:\anaconda\lib\site-packages\urllib3\util\ssl_.py", line 493, in _ssl_wrap_socket_impl
    return ssl_context.wrap_socket(sock, server_hostname=server_hostname)
  File "E:\anaconda\lib\ssl.py", line 513, in wrap_socket
    return self.sslsocket_class._create(
  File "E:\anaconda\lib\ssl.py", line 1071, in _create
    self.do_handshake()
  File "E:\anaconda\lib\ssl.py", line 1342, in do_handshake
    self._sslobj.do_handshake()
ConnectionResetError: [WinError 10054] 远程主机强迫关闭了一个现有的连接。

During handling of the above exception, another exception occurred:

Traceback (most recent call last):
  File "E:\anaconda\lib\site-packages\requests\adapters.py", line 487, in send
    resp = conn.urlopen(
  File "E:\anaconda\lib\site-packages\urllib3\connectionpool.py", line 798, in urlopen
    retries = retries.increment(
  File "E:\anaconda\lib\site-packages\urllib3\util\retry.py", line 550, in increment
    raise six.reraise(type(error), error, _stacktrace)
  File "E:\anaconda\lib\site-packages\urllib3\packages\six.py", line 769, in reraise
    raise value.with_traceback(tb)
  File "E:\anaconda\lib\site-packages\urllib3\connectionpool.py", line 714, in urlopen
    httplib_response = self._make_request(
  File "E:\anaconda\lib\site-packages\urllib3\connectionpool.py", line 403, in _make_request
    self._validate_conn(conn)
  File "E:\anaconda\lib\site-packages\urllib3\connectionpool.py", line 1053, in _validate_conn
    conn.connect()
  File "E:\anaconda\lib\site-packages\urllib3\connection.py", line 419, in connect
    self.sock = ssl_wrap_socket(
  File "E:\anaconda\lib\site-packages\urllib3\util\ssl_.py", line 449, in ssl_wrap_socket
    ssl_sock = _ssl_wrap_socket_impl(
  File "E:\anaconda\lib\site-packages\urllib3\util\ssl_.py", line 493, in _ssl_wrap_socket_impl
    return ssl_context.wrap_socket(sock, server_hostname=server_hostname)
  File "E:\anaconda\lib\ssl.py", line 513, in wrap_socket
    return self.sslsocket_class._create(
  File "E:\anaconda\lib\ssl.py", line 1071, in _create
    self.do_handshake()
  File "E:\anaconda\lib\ssl.py", line 1342, in do_handshake
    self._sslobj.do_handshake()
urllib3.exceptions.ProtocolError: ('Connection aborted.', ConnectionResetError(10054, '远程主机强迫关闭了一个现有的连接。', None, 10054, None))

During handling of the above exception, another exception occurred:

Traceback (most recent call last):
  File "E:\anaconda\lib\site-packages\wandb\sdk\internal\internal_api.py", line 2549, in upload_file
    response = self._upload_file_session.put(
  File "E:\anaconda\lib\site-packages\requests\sessions.py", line 647, in put
    return self.request("PUT", url, data=data, **kwargs)
  File "E:\anaconda\lib\site-packages\requests\sessions.py", line 587, in request
    resp = self.send(prep, **send_kwargs)
  File "E:\anaconda\lib\site-packages\requests\sessions.py", line 701, in send
    r = adapter.send(request, **kwargs)
  File "E:\anaconda\lib\site-packages\requests\adapters.py", line 502, in send
    raise ConnectionError(err, request=request)
requests.exceptions.ConnectionError: ('Connection aborted.', ConnectionResetError(10054, '远程主机强迫关闭了一个现有的连接。', None, 10054, None))

During handling of the above exception, another exception occurred:

Traceback (most recent call last):
  File "E:\anaconda\lib\site-packages\wandb\sdk\lib\retry.py", line 131, in __call__
    result = self._call_fn(*args, **kwargs)
  File "E:\anaconda\lib\site-packages\wandb\sdk\internal\internal_api.py", line 2580, in upload_file
    raise _e.with_traceback(sys.exc_info()[2])
  File "E:\anaconda\lib\site-packages\wandb\sdk\internal\internal_api.py", line 2549, in upload_file
    response = self._upload_file_session.put(
  File "E:\anaconda\lib\site-packages\requests\sessions.py", line 647, in put
    return self.request("PUT", url, data=data, **kwargs)
  File "E:\anaconda\lib\site-packages\requests\sessions.py", line 587, in request
    resp = self.send(prep, **send_kwargs)
  File "E:\anaconda\lib\site-packages\requests\sessions.py", line 701, in send
    r = adapter.send(request, **kwargs)
  File "E:\anaconda\lib\site-packages\requests\adapters.py", line 502, in send
    raise ConnectionError(err, request=request)
wandb.sdk.lib.retry.TransientError: None
2023-11-26 14:25:01,731 ERROR   gpu       :7616 [interfaces.py:monitor():144] Failed to sample metric: Not Supported
2023-11-26 14:25:03,774 ERROR   gpu       :7616 [interfaces.py:monitor():144] Failed to sample metric: Not Supported
2023-11-26 14:25:05,350 DEBUG   HandlerThread:7616 [handler.py:handle_request():144] handle_request: status_report
2023-11-26 14:25:05,818 DEBUG   HandlerThread:7616 [handler.py:handle_request():144] handle_request: partial_history
2023-11-26 14:25:05,819 DEBUG   SenderThread:7616 [sender.py:send():380] send: history
2023-11-26 14:25:05,819 DEBUG   SenderThread:7616 [sender.py:send_request():407] send_request: summary_record
2023-11-26 14:25:05,820 INFO    SenderThread:7616 [sender.py:_save_file():1378] saving file wandb-summary.json with policy end
2023-11-26 14:25:05,828 ERROR   gpu       :7616 [interfaces.py:monitor():144] Failed to sample metric: Not Supported
2023-11-26 14:25:05,886 ERROR   wandb-upload_0:7616 [internal_api.py:upload_file():2556] upload_file exception https://storage.googleapis.com/wandb-production.appspot.com/princeporch/uncategorized/nltwrpuf/wandb-metadata.json?Expires=1701066307&GoogleAccessId=gorilla-files-url-signer-man%40wandb-production.iam.gserviceaccount.com&Signature=ZSyEEz%2Bn6YLzViGT4yrxfC5rgKZUd1Tz3MYeO3Ed91IOkEMb4pRiDOm98Th1B65xzJlE7Zm9hJZcBCB1a%2B7mMWMaDchSQBs3wc%2FqRGES6ZI5Xe7lnBCZgbJryqpgKEqtRfpH0Qxf9xCaryZObnhQDsyRU0icXFKGtAktQOKSsO0Y1MmG9Hfh3R1YJz%2BTx01TqZjIF8Gx4FpHYtxQH728JS9VDhI22khEuqshw8d3pdVbdUSExgEelpb49wc4m6%2F6z1T4JGzU42gzVyBbnfqer2EFAcMo%2BNd4QsyKl2uzbHFRA3R3%2FBbywrxShuBT8hdcAqCA8st%2FMxvETXnyKh%2F6TA%3D%3D: ('Connection aborted.', ConnectionResetError(10054, '远程主机强迫关闭了一个现有的连接。', None, 10054, None))
2023-11-26 14:25:05,887 ERROR   wandb-upload_0:7616 [internal_api.py:upload_file():2558] upload_file request headers: {'User-Agent': 'python-requests/2.29.0', 'Accept-Encoding': 'gzip, deflate, br', 'Accept': '*/*', 'Connection': 'keep-alive', 'Content-Length': '1347'}
2023-11-26 14:25:05,887 ERROR   wandb-upload_0:7616 [internal_api.py:upload_file():2560] upload_file response body: 
2023-11-26 14:25:06,536 INFO    Thread-12 :7616 [dir_watcher.py:_on_file_modified():288] file/dir modified: E:\自动驾驶\车位检测\parking-space-Identification-in-different-weather-main\wandb\run-20231126_142443-nltwrpuf\files\output.log
2023-11-26 14:25:06,537 INFO    Thread-12 :7616 [dir_watcher.py:_on_file_created():271] file/dir created: E:\自动驾驶\车位检测\parking-space-Identification-in-different-weather-main\wandb\run-20231126_142443-nltwrpuf\files\wandb-summary.json
2023-11-26 14:25:07,755 DEBUG   HandlerThread:7616 [handler.py:handle_request():144] handle_request: partial_history
2023-11-26 14:25:07,757 DEBUG   HandlerThread:7616 [handler.py:handle_request():144] handle_request: partial_history
2023-11-26 14:25:07,758 DEBUG   SenderThread:7616 [sender.py:send():380] send: history
2023-11-26 14:25:07,758 DEBUG   SenderThread:7616 [sender.py:send_request():407] send_request: summary_record
2023-11-26 14:25:07,759 INFO    SenderThread:7616 [sender.py:_save_file():1378] saving file wandb-summary.json with policy end
2023-11-26 14:25:07,759 DEBUG   SenderThread:7616 [sender.py:send():380] send: history
2023-11-26 14:25:07,760 DEBUG   SenderThread:7616 [sender.py:send_request():407] send_request: summary_record
2023-11-26 14:25:07,760 INFO    SenderThread:7616 [sender.py:_save_file():1378] saving file wandb-summary.json with policy end
2023-11-26 14:25:07,879 ERROR   gpu       :7616 [interfaces.py:monitor():144] Failed to sample metric: Not Supported
2023-11-26 14:25:08,561 INFO    Thread-12 :7616 [dir_watcher.py:_on_file_modified():288] file/dir modified: E:\自动驾驶\车位检测\parking-space-Identification-in-different-weather-main\wandb\run-20231126_142443-nltwrpuf\files\wandb-summary.json
2023-11-26 14:25:08,561 INFO    Thread-12 :7616 [dir_watcher.py:_on_file_modified():288] file/dir modified: E:\自动驾驶\车位检测\parking-space-Identification-in-different-weather-main\wandb\run-20231126_142443-nltwrpuf\files\output.log
2023-11-26 14:25:09,941 ERROR   gpu       :7616 [interfaces.py:monitor():144] Failed to sample metric: Not Supported
2023-11-26 14:25:10,781 DEBUG   HandlerThread:7616 [handler.py:handle_request():144] handle_request: status_report
2023-11-26 14:25:10,857 DEBUG   HandlerThread:7616 [handler.py:handle_request():144] handle_request: internal_messages
2023-11-26 14:25:10,858 DEBUG   HandlerThread:7616 [handler.py:handle_request():144] handle_request: stop_status
2023-11-26 14:25:10,858 DEBUG   SenderThread:7616 [sender.py:send_request():407] send_request: stop_status
2023-11-26 14:25:11,055 DEBUG   HandlerThread:7616 [handler.py:handle_request():144] handle_request: partial_history
2023-11-26 14:25:11,148 DEBUG   SenderThread:7616 [sender.py:send():380] send: history
2023-11-26 14:25:11,149 DEBUG   SenderThread:7616 [sender.py:send_request():407] send_request: summary_record
2023-11-26 14:25:11,150 INFO    SenderThread:7616 [sender.py:_save_file():1378] saving file wandb-summary.json with policy end
2023-11-26 14:25:11,578 INFO    Thread-12 :7616 [dir_watcher.py:_on_file_modified():288] file/dir modified: E:\自动驾驶\车位检测\parking-space-Identification-in-different-weather-main\wandb\run-20231126_142443-nltwrpuf\files\wandb-summary.json
2023-11-26 14:25:11,988 ERROR   gpu       :7616 [interfaces.py:monitor():144] Failed to sample metric: Not Supported
2023-11-26 14:25:12,590 DEBUG   HandlerThread:7616 [handler.py:handle_request():144] handle_request: partial_history
2023-11-26 14:25:12,590 DEBUG   HandlerThread:7616 [handler.py:handle_request():144] handle_request: partial_history
2023-11-26 14:25:12,591 DEBUG   SenderThread:7616 [sender.py:send():380] send: history
2023-11-26 14:25:12,592 DEBUG   SenderThread:7616 [sender.py:send_request():407] send_request: summary_record
2023-11-26 14:25:12,592 INFO    Thread-12 :7616 [dir_watcher.py:_on_file_modified():288] file/dir modified: E:\自动驾驶\车位检测\parking-space-Identification-in-different-weather-main\wandb\run-20231126_142443-nltwrpuf\files\output.log
2023-11-26 14:25:12,592 INFO    SenderThread:7616 [sender.py:_save_file():1378] saving file wandb-summary.json with policy end
2023-11-26 14:25:12,593 DEBUG   SenderThread:7616 [sender.py:send():380] send: history
2023-11-26 14:25:12,593 DEBUG   SenderThread:7616 [sender.py:send_request():407] send_request: summary_record
2023-11-26 14:25:12,593 INFO    SenderThread:7616 [sender.py:_save_file():1378] saving file wandb-summary.json with policy end
2023-11-26 14:25:13,602 INFO    Thread-12 :7616 [dir_watcher.py:_on_file_modified():288] file/dir modified: E:\自动驾驶\车位检测\parking-space-Identification-in-different-weather-main\wandb\run-20231126_142443-nltwrpuf\files\wandb-summary.json
2023-11-26 14:25:14,048 ERROR   gpu       :7616 [interfaces.py:monitor():144] Failed to sample metric: Not Supported
2023-11-26 14:25:14,616 INFO    Thread-12 :7616 [dir_watcher.py:_on_file_modified():288] file/dir modified: E:\自动驾驶\车位检测\parking-space-Identification-in-different-weather-main\wandb\run-20231126_142443-nltwrpuf\files\output.log
2023-11-26 14:25:15,287 ERROR   wandb-upload_0:7616 [internal_api.py:upload_file():2556] upload_file exception https://storage.googleapis.com/wandb-production.appspot.com/princeporch/uncategorized/nltwrpuf/wandb-metadata.json?Expires=1701066307&GoogleAccessId=gorilla-files-url-signer-man%40wandb-production.iam.gserviceaccount.com&Signature=ZSyEEz%2Bn6YLzViGT4yrxfC5rgKZUd1Tz3MYeO3Ed91IOkEMb4pRiDOm98Th1B65xzJlE7Zm9hJZcBCB1a%2B7mMWMaDchSQBs3wc%2FqRGES6ZI5Xe7lnBCZgbJryqpgKEqtRfpH0Qxf9xCaryZObnhQDsyRU0icXFKGtAktQOKSsO0Y1MmG9Hfh3R1YJz%2BTx01TqZjIF8Gx4FpHYtxQH728JS9VDhI22khEuqshw8d3pdVbdUSExgEelpb49wc4m6%2F6z1T4JGzU42gzVyBbnfqer2EFAcMo%2BNd4QsyKl2uzbHFRA3R3%2FBbywrxShuBT8hdcAqCA8st%2FMxvETXnyKh%2F6TA%3D%3D: ('Connection aborted.', ConnectionResetError(10054, '远程主机强迫关闭了一个现有的连接。', None, 10054, None))
2023-11-26 14:25:15,287 ERROR   wandb-upload_0:7616 [internal_api.py:upload_file():2558] upload_file request headers: {'User-Agent': 'python-requests/2.29.0', 'Accept-Encoding': 'gzip, deflate, br', 'Accept': '*/*', 'Connection': 'keep-alive', 'Content-Length': '1347'}
2023-11-26 14:25:15,287 ERROR   wandb-upload_0:7616 [internal_api.py:upload_file():2560] upload_file response body: 
2023-11-26 14:25:15,888 DEBUG   HandlerThread:7616 [handler.py:handle_request():144] handle_request: status_report
2023-11-26 14:25:15,889 DEBUG   HandlerThread:7616 [handler.py:handle_request():144] handle_request: partial_history
2023-11-26 14:25:16,095 ERROR   gpu       :7616 [interfaces.py:monitor():144] Failed to sample metric: Not Supported
2023-11-26 14:25:16,154 DEBUG   SenderThread:7616 [sender.py:send():380] send: history
2023-11-26 14:25:16,154 DEBUG   SenderThread:7616 [sender.py:send_request():407] send_request: summary_record
2023-11-26 14:25:16,155 INFO    SenderThread:7616 [sender.py:_save_file():1378] saving file wandb-summary.json with policy end
2023-11-26 14:25:16,622 INFO    Thread-12 :7616 [dir_watcher.py:_on_file_modified():288] file/dir modified: E:\自动驾驶\车位检测\parking-space-Identification-in-different-weather-main\wandb\run-20231126_142443-nltwrpuf\files\config.yaml
2023-11-26 14:25:16,622 INFO    Thread-12 :7616 [dir_watcher.py:_on_file_modified():288] file/dir modified: E:\自动驾驶\车位检测\parking-space-Identification-in-different-weather-main\wandb\run-20231126_142443-nltwrpuf\files\wandb-summary.json
2023-11-26 14:25:16,623 INFO    Thread-12 :7616 [dir_watcher.py:_on_file_modified():288] file/dir modified: E:\自动驾驶\车位检测\parking-space-Identification-in-different-weather-main\wandb\run-20231126_142443-nltwrpuf\files\output.log
2023-11-26 14:25:17,409 DEBUG   HandlerThread:7616 [handler.py:handle_request():144] handle_request: partial_history
2023-11-26 14:25:17,410 DEBUG   HandlerThread:7616 [handler.py:handle_request():144] handle_request: partial_history
2023-11-26 14:25:17,411 DEBUG   SenderThread:7616 [sender.py:send():380] send: history
2023-11-26 14:25:17,411 DEBUG   SenderThread:7616 [sender.py:send_request():407] send_request: summary_record
2023-11-26 14:25:17,412 INFO    SenderThread:7616 [sender.py:_save_file():1378] saving file wandb-summary.json with policy end
2023-11-26 14:25:17,412 DEBUG   SenderThread:7616 [sender.py:send():380] send: history
2023-11-26 14:25:17,412 DEBUG   SenderThread:7616 [sender.py:send_request():407] send_request: summary_record
2023-11-26 14:25:17,413 INFO    SenderThread:7616 [sender.py:_save_file():1378] saving file wandb-summary.json with policy end
2023-11-26 14:25:17,631 INFO    Thread-12 :7616 [dir_watcher.py:_on_file_modified():288] file/dir modified: E:\自动驾驶\车位检测\parking-space-Identification-in-different-weather-main\wandb\run-20231126_142443-nltwrpuf\files\wandb-summary.json
2023-11-26 14:25:18,140 ERROR   gpu       :7616 [interfaces.py:monitor():144] Failed to sample metric: Not Supported
2023-11-26 14:25:18,646 INFO    Thread-12 :7616 [dir_watcher.py:_on_file_modified():288] file/dir modified: E:\自动驾驶\车位检测\parking-space-Identification-in-different-weather-main\wandb\run-20231126_142443-nltwrpuf\files\output.log
2023-11-26 14:25:20,232 ERROR   gpu       :7616 [interfaces.py:monitor():144] Failed to sample metric: Not Supported
2023-11-26 14:25:20,759 DEBUG   HandlerThread:7616 [handler.py:handle_request():144] handle_request: partial_history
2023-11-26 14:25:20,760 DEBUG   SenderThread:7616 [sender.py:send():380] send: history
2023-11-26 14:25:20,760 DEBUG   SenderThread:7616 [sender.py:send_request():407] send_request: summary_record
2023-11-26 14:25:20,761 INFO    SenderThread:7616 [sender.py:_save_file():1378] saving file wandb-summary.json with policy end
2023-11-26 14:25:21,688 INFO    Thread-12 :7616 [dir_watcher.py:_on_file_modified():288] file/dir modified: E:\自动驾驶\车位检测\parking-space-Identification-in-different-weather-main\wandb\run-20231126_142443-nltwrpuf\files\wandb-summary.json
2023-11-26 14:25:21,766 DEBUG   HandlerThread:7616 [handler.py:handle_request():144] handle_request: status_report
2023-11-26 14:25:22,268 ERROR   gpu       :7616 [interfaces.py:monitor():144] Failed to sample metric: Not Supported
2023-11-26 14:25:22,319 DEBUG   HandlerThread:7616 [handler.py:handle_request():144] handle_request: partial_history
2023-11-26 14:25:22,320 DEBUG   HandlerThread:7616 [handler.py:handle_request():144] handle_request: partial_history
2023-11-26 14:25:22,321 DEBUG   SenderThread:7616 [sender.py:send():380] send: history
2023-11-26 14:25:22,321 DEBUG   SenderThread:7616 [sender.py:send_request():407] send_request: summary_record
2023-11-26 14:25:22,322 INFO    SenderThread:7616 [sender.py:_save_file():1378] saving file wandb-summary.json with policy end
2023-11-26 14:25:22,322 DEBUG   SenderThread:7616 [sender.py:send():380] send: history
2023-11-26 14:25:22,322 DEBUG   SenderThread:7616 [sender.py:send_request():407] send_request: summary_record
2023-11-26 14:25:22,323 INFO    SenderThread:7616 [sender.py:_save_file():1378] saving file wandb-summary.json with policy end
2023-11-26 14:25:22,700 INFO    Thread-12 :7616 [dir_watcher.py:_on_file_modified():288] file/dir modified: E:\自动驾驶\车位检测\parking-space-Identification-in-different-weather-main\wandb\run-20231126_142443-nltwrpuf\files\wandb-summary.json
2023-11-26 14:25:22,700 INFO    Thread-12 :7616 [dir_watcher.py:_on_file_modified():288] file/dir modified: E:\自动驾驶\车位检测\parking-space-Identification-in-different-weather-main\wandb\run-20231126_142443-nltwrpuf\files\output.log
2023-11-26 14:25:24,313 ERROR   gpu       :7616 [interfaces.py:monitor():144] Failed to sample metric: Not Supported
2023-11-26 14:25:24,729 INFO    Thread-12 :7616 [dir_watcher.py:_on_file_modified():288] file/dir modified: E:\自动驾驶\车位检测\parking-space-Identification-in-different-weather-main\wandb\run-20231126_142443-nltwrpuf\files\output.log
2023-11-26 14:25:25,575 DEBUG   HandlerThread:7616 [handler.py:handle_request():144] handle_request: partial_history
2023-11-26 14:25:25,576 DEBUG   SenderThread:7616 [sender.py:send():380] send: history
2023-11-26 14:25:25,576 DEBUG   SenderThread:7616 [sender.py:send_request():407] send_request: summary_record
2023-11-26 14:25:25,577 INFO    SenderThread:7616 [sender.py:_save_file():1378] saving file wandb-summary.json with policy end
2023-11-26 14:25:25,745 INFO    Thread-12 :7616 [dir_watcher.py:_on_file_modified():288] file/dir modified: E:\自动驾驶\车位检测\parking-space-Identification-in-different-weather-main\wandb\run-20231126_142443-nltwrpuf\files\wandb-summary.json
2023-11-26 14:25:25,869 DEBUG   HandlerThread:7616 [handler.py:handle_request():144] handle_request: internal_messages
2023-11-26 14:25:25,873 DEBUG   HandlerThread:7616 [handler.py:handle_request():144] handle_request: stop_status
2023-11-26 14:25:25,873 DEBUG   SenderThread:7616 [sender.py:send_request():407] send_request: stop_status
2023-11-26 14:25:26,353 ERROR   gpu       :7616 [interfaces.py:monitor():144] Failed to sample metric: Not Supported
2023-11-26 14:25:26,753 INFO    Thread-12 :7616 [dir_watcher.py:_on_file_modified():288] file/dir modified: E:\自动驾驶\车位检测\parking-space-Identification-in-different-weather-main\wandb\run-20231126_142443-nltwrpuf\files\output.log
2023-11-26 14:25:27,122 DEBUG   HandlerThread:7616 [handler.py:handle_request():144] handle_request: status_report
2023-11-26 14:25:27,122 DEBUG   HandlerThread:7616 [handler.py:handle_request():144] handle_request: partial_history
2023-11-26 14:25:27,123 DEBUG   HandlerThread:7616 [handler.py:handle_request():144] handle_request: partial_history
2023-11-26 14:25:27,123 DEBUG   SenderThread:7616 [sender.py:send():380] send: history
2023-11-26 14:25:27,124 DEBUG   SenderThread:7616 [sender.py:send_request():407] send_request: summary_record
2023-11-26 14:25:27,125 INFO    SenderThread:7616 [sender.py:_save_file():1378] saving file wandb-summary.json with policy end
2023-11-26 14:25:27,125 DEBUG   SenderThread:7616 [sender.py:send():380] send: history
2023-11-26 14:25:27,125 DEBUG   SenderThread:7616 [sender.py:send_request():407] send_request: summary_record
2023-11-26 14:25:27,126 INFO    SenderThread:7616 [sender.py:_save_file():1378] saving file wandb-summary.json with policy end
2023-11-26 14:25:27,770 INFO    Thread-12 :7616 [dir_watcher.py:_on_file_modified():288] file/dir modified: E:\自动驾驶\车位检测\parking-space-Identification-in-different-weather-main\wandb\run-20231126_142443-nltwrpuf\files\wandb-summary.json
2023-11-26 14:25:28,389 ERROR   gpu       :7616 [interfaces.py:monitor():144] Failed to sample metric: Not Supported
2023-11-26 14:25:28,782 INFO    Thread-12 :7616 [dir_watcher.py:_on_file_modified():288] file/dir modified: E:\自动驾驶\车位检测\parking-space-Identification-in-different-weather-main\wandb\run-20231126_142443-nltwrpuf\files\output.log
2023-11-26 14:25:30,439 DEBUG   HandlerThread:7616 [handler.py:handle_request():144] handle_request: partial_history
2023-11-26 14:25:30,440 DEBUG   SenderThread:7616 [sender.py:send():380] send: history
2023-11-26 14:25:30,440 DEBUG   SenderThread:7616 [sender.py:send_request():407] send_request: summary_record
2023-11-26 14:25:30,441 INFO    SenderThread:7616 [sender.py:_save_file():1378] saving file wandb-summary.json with policy end
2023-11-26 14:25:30,445 ERROR   gpu       :7616 [interfaces.py:monitor():144] Failed to sample metric: Not Supported
2023-11-26 14:25:30,807 INFO    Thread-12 :7616 [dir_watcher.py:_on_file_modified():288] file/dir modified: E:\自动驾驶\车位检测\parking-space-Identification-in-different-weather-main\wandb\run-20231126_142443-nltwrpuf\files\wandb-summary.json
2023-11-26 14:25:31,268 DEBUG   SenderThread:7616 [sender.py:send():380] send: exit
2023-11-26 14:25:31,268 INFO    SenderThread:7616 [sender.py:send_exit():585] handling exit code: 255
2023-11-26 14:25:31,268 INFO    SenderThread:7616 [sender.py:send_exit():587] handling runtime: 41
2023-11-26 14:25:31,270 INFO    SenderThread:7616 [sender.py:_save_file():1378] saving file wandb-summary.json with policy end
2023-11-26 14:25:31,270 INFO    SenderThread:7616 [sender.py:send_exit():593] send defer
2023-11-26 14:25:31,270 DEBUG   HandlerThread:7616 [handler.py:handle_request():144] handle_request: defer
2023-11-26 14:25:31,270 INFO    HandlerThread:7616 [handler.py:handle_request_defer():170] handle defer: 0
2023-11-26 14:25:31,270 DEBUG   SenderThread:7616 [sender.py:send_request():407] send_request: defer
2023-11-26 14:25:31,270 INFO    SenderThread:7616 [sender.py:send_request_defer():609] handle sender defer: 0
2023-11-26 14:25:31,270 INFO    SenderThread:7616 [sender.py:transition_state():613] send defer: 1
2023-11-26 14:25:31,270 DEBUG   HandlerThread:7616 [handler.py:handle_request():144] handle_request: defer
2023-11-26 14:25:31,270 INFO    HandlerThread:7616 [handler.py:handle_request_defer():170] handle defer: 1
2023-11-26 14:25:31,270 DEBUG   SenderThread:7616 [sender.py:send_request():407] send_request: defer
2023-11-26 14:25:31,271 INFO    SenderThread:7616 [sender.py:send_request_defer():609] handle sender defer: 1
2023-11-26 14:25:31,271 INFO    SenderThread:7616 [sender.py:transition_state():613] send defer: 2
2023-11-26 14:25:31,271 DEBUG   HandlerThread:7616 [handler.py:handle_request():144] handle_request: defer
2023-11-26 14:25:31,271 INFO    HandlerThread:7616 [handler.py:handle_request_defer():170] handle defer: 2
2023-11-26 14:25:31,271 INFO    HandlerThread:7616 [system_monitor.py:finish():190] Stopping system monitor
2023-11-26 14:25:31,271 DEBUG   SystemMonitor:7616 [system_monitor.py:_start():159] Starting system metrics aggregation loop
2023-11-26 14:25:31,271 INFO    HandlerThread:7616 [interfaces.py:finish():202] Joined cpu monitor
2023-11-26 14:25:31,271 DEBUG   SystemMonitor:7616 [system_monitor.py:_start():166] Finished system metrics aggregation loop
2023-11-26 14:25:31,277 INFO    HandlerThread:7616 [interfaces.py:finish():202] Joined disk monitor
2023-11-26 14:25:31,277 DEBUG   SystemMonitor:7616 [system_monitor.py:_start():170] Publishing last batch of metrics
2023-11-26 14:25:31,305 INFO    HandlerThread:7616 [interfaces.py:finish():202] Joined gpu monitor
2023-11-26 14:25:31,306 INFO    HandlerThread:7616 [interfaces.py:finish():202] Joined memory monitor
2023-11-26 14:25:31,306 INFO    HandlerThread:7616 [interfaces.py:finish():202] Joined network monitor
2023-11-26 14:25:31,307 DEBUG   SenderThread:7616 [sender.py:send_request():407] send_request: defer
2023-11-26 14:25:31,307 INFO    SenderThread:7616 [sender.py:send_request_defer():609] handle sender defer: 2
2023-11-26 14:25:31,307 INFO    SenderThread:7616 [sender.py:transition_state():613] send defer: 3
2023-11-26 14:25:31,307 DEBUG   SenderThread:7616 [sender.py:send():380] send: stats
2023-11-26 14:25:31,307 DEBUG   HandlerThread:7616 [handler.py:handle_request():144] handle_request: defer
2023-11-26 14:25:31,308 INFO    HandlerThread:7616 [handler.py:handle_request_defer():170] handle defer: 3
2023-11-26 14:25:31,308 DEBUG   SenderThread:7616 [sender.py:send_request():407] send_request: defer
2023-11-26 14:25:31,308 INFO    SenderThread:7616 [sender.py:send_request_defer():609] handle sender defer: 3
2023-11-26 14:25:31,308 INFO    SenderThread:7616 [sender.py:transition_state():613] send defer: 4
2023-11-26 14:25:31,308 DEBUG   HandlerThread:7616 [handler.py:handle_request():144] handle_request: defer
2023-11-26 14:25:31,308 INFO    HandlerThread:7616 [handler.py:handle_request_defer():170] handle defer: 4
2023-11-26 14:25:31,308 DEBUG   SenderThread:7616 [sender.py:send_request():407] send_request: defer
2023-11-26 14:25:31,308 INFO    SenderThread:7616 [sender.py:send_request_defer():609] handle sender defer: 4
2023-11-26 14:25:31,308 INFO    SenderThread:7616 [sender.py:transition_state():613] send defer: 5
2023-11-26 14:25:31,309 DEBUG   HandlerThread:7616 [handler.py:handle_request():144] handle_request: defer
2023-11-26 14:25:31,309 INFO    HandlerThread:7616 [handler.py:handle_request_defer():170] handle defer: 5
2023-11-26 14:25:31,309 DEBUG   SenderThread:7616 [sender.py:send():380] send: summary
2023-11-26 14:25:31,310 INFO    SenderThread:7616 [sender.py:_save_file():1378] saving file wandb-summary.json with policy end
2023-11-26 14:25:31,310 DEBUG   SenderThread:7616 [sender.py:send_request():407] send_request: defer
2023-11-26 14:25:31,310 INFO    SenderThread:7616 [sender.py:send_request_defer():609] handle sender defer: 5
2023-11-26 14:25:31,310 INFO    SenderThread:7616 [sender.py:transition_state():613] send defer: 6
2023-11-26 14:25:31,310 DEBUG   HandlerThread:7616 [handler.py:handle_request():144] handle_request: defer
2023-11-26 14:25:31,310 INFO    HandlerThread:7616 [handler.py:handle_request_defer():170] handle defer: 6
2023-11-26 14:25:31,311 DEBUG   SenderThread:7616 [sender.py:send_request():407] send_request: defer
2023-11-26 14:25:31,311 INFO    SenderThread:7616 [sender.py:send_request_defer():609] handle sender defer: 6
2023-11-26 14:25:31,311 INFO    SenderThread:7616 [sender.py:transition_state():613] send defer: 7
2023-11-26 14:25:31,311 DEBUG   HandlerThread:7616 [handler.py:handle_request():144] handle_request: status_report
2023-11-26 14:25:31,311 DEBUG   HandlerThread:7616 [handler.py:handle_request():144] handle_request: defer
2023-11-26 14:25:31,311 INFO    HandlerThread:7616 [handler.py:handle_request_defer():170] handle defer: 7
2023-11-26 14:25:31,311 DEBUG   SenderThread:7616 [sender.py:send_request():407] send_request: defer
2023-11-26 14:25:31,311 INFO    SenderThread:7616 [sender.py:send_request_defer():609] handle sender defer: 7
