2023-11-26 14:40:11,087 INFO    StreamThr :21040 [internal.py:wandb_internal():86] W&B internal server running at pid: 21040, started at: 2023-11-26 14:40:11.086454
2023-11-26 14:40:11,088 DEBUG   HandlerThread:21040 [handler.py:handle_request():144] handle_request: status
2023-11-26 14:40:11,091 INFO    WriterThread:21040 [datastore.py:open_for_write():85] open: E:\自动驾驶\车位检测\parking-space-Identification-in-different-weather-main\wandb\run-20231126_144011-b3c5v1d4\run-b3c5v1d4.wandb
2023-11-26 14:40:11,093 DEBUG   SenderThread:21040 [sender.py:send():380] send: header
2023-11-26 14:40:11,093 DEBUG   SenderThread:21040 [sender.py:send():380] send: run
2023-11-26 14:40:11,804 INFO    SenderThread:21040 [dir_watcher.py:__init__():211] watching files in: E:\自动驾驶\车位检测\parking-space-Identification-in-different-weather-main\wandb\run-20231126_144011-b3c5v1d4\files
2023-11-26 14:40:11,815 INFO    SenderThread:21040 [sender.py:_start_run_threads():1122] run started: b3c5v1d4 with start time 1700980811.086454
2023-11-26 14:40:11,818 DEBUG   HandlerThread:21040 [handler.py:handle_request():144] handle_request: check_version
2023-11-26 14:40:11,818 DEBUG   SenderThread:21040 [sender.py:send_request():407] send_request: check_version
2023-11-26 14:40:16,829 DEBUG   HandlerThread:21040 [handler.py:handle_request():144] handle_request: status_report
2023-11-26 14:40:16,841 DEBUG   HandlerThread:21040 [handler.py:handle_request():144] handle_request: run_start
2023-11-26 14:40:16,902 DEBUG   HandlerThread:21040 [system_info.py:__init__():32] System info init
2023-11-26 14:40:16,902 DEBUG   HandlerThread:21040 [system_info.py:__init__():47] System info init done
2023-11-26 14:40:16,902 INFO    HandlerThread:21040 [system_monitor.py:start():181] Starting system monitor
2023-11-26 14:40:16,903 INFO    SystemMonitor:21040 [system_monitor.py:_start():145] Starting system asset monitoring threads
2023-11-26 14:40:16,903 INFO    HandlerThread:21040 [system_monitor.py:probe():201] Collecting system info
2023-11-26 14:40:16,907 INFO    SystemMonitor:21040 [interfaces.py:start():190] Started cpu monitoring
2023-11-26 14:40:16,908 INFO    SystemMonitor:21040 [interfaces.py:start():190] Started disk monitoring
2023-11-26 14:40:16,908 INFO    SystemMonitor:21040 [interfaces.py:start():190] Started gpu monitoring
2023-11-26 14:40:16,909 INFO    SystemMonitor:21040 [interfaces.py:start():190] Started memory monitoring
2023-11-26 14:40:16,930 INFO    SystemMonitor:21040 [interfaces.py:start():190] Started network monitoring
2023-11-26 14:40:16,968 DEBUG   HandlerThread:21040 [system_info.py:probe():196] Probing system
2023-11-26 14:40:16,968 DEBUG   HandlerThread:21040 [system_info.py:probe():244] Probing system done
2023-11-26 14:40:16,968 DEBUG   HandlerThread:21040 [system_monitor.py:probe():210] {'os': 'Windows-10-10.0.22000-SP0', 'python': '3.10.9', 'heartbeatAt': '2023-11-26T06:40:16.968332', 'startedAt': '2023-11-26T06:40:11.032272', 'docker': None, 'cuda': None, 'args': (), 'state': 'running', 'program': 'E:\\自动驾驶\\车位检测\\parking-space-Identification-in-different-weather-main\\train real.py', 'codePathLocal': 'train real.py', 'codePath': 'train real.py', 'host': 'LAPTOP-QIVT4NMT', 'username': 'lenovo', 'executable': 'E:\\anaconda\\python.exe', 'cpu_count': 8, 'cpu_count_logical': 16, 'cpu_freq': {'current': 3201.0, 'min': 0.0, 'max': 3201.0}, 'cpu_freq_per_core': [{'current': 3201.0, 'min': 0.0, 'max': 3201.0}], 'disk': {'/': {'total': 465.74511337280273, 'used': 103.92451477050781}}, 'gpu': 'NVIDIA GeForce RTX 3060 Laptop GPU', 'gpu_count': 1, 'gpu_devices': [{'name': 'NVIDIA GeForce RTX 3060 Laptop GPU', 'memory_total': 6442450944}], 'memory': {'total': 15.855525970458984}}
2023-11-26 14:40:16,968 INFO    HandlerThread:21040 [system_monitor.py:probe():211] Finished collecting system info
2023-11-26 14:40:16,968 INFO    HandlerThread:21040 [system_monitor.py:probe():214] Publishing system info
2023-11-26 14:40:16,968 DEBUG   HandlerThread:21040 [system_info.py:_save_pip():52] Saving list of pip packages installed into the current environment
2023-11-26 14:40:16,969 DEBUG   HandlerThread:21040 [system_info.py:_save_pip():68] Saving pip packages done
2023-11-26 14:40:16,969 DEBUG   HandlerThread:21040 [system_info.py:_save_conda():75] Saving list of conda packages installed into the current environment
2023-11-26 14:40:16,985 ERROR   gpu       :21040 [interfaces.py:monitor():144] Failed to sample metric: Not Supported
2023-11-26 14:40:17,908 INFO    Thread-12 :21040 [dir_watcher.py:_on_file_created():271] file/dir created: E:\自动驾驶\车位检测\parking-space-Identification-in-different-weather-main\wandb\run-20231126_144011-b3c5v1d4\files\requirements.txt
2023-11-26 14:40:17,908 INFO    Thread-12 :21040 [dir_watcher.py:_on_file_created():271] file/dir created: E:\自动驾驶\车位检测\parking-space-Identification-in-different-weather-main\wandb\run-20231126_144011-b3c5v1d4\files\conda-environment.yaml
2023-11-26 14:40:19,040 ERROR   gpu       :21040 [interfaces.py:monitor():144] Failed to sample metric: Not Supported
2023-11-26 14:40:21,096 ERROR   gpu       :21040 [interfaces.py:monitor():144] Failed to sample metric: Not Supported
2023-11-26 14:40:22,979 INFO    Thread-12 :21040 [dir_watcher.py:_on_file_modified():288] file/dir modified: E:\自动驾驶\车位检测\parking-space-Identification-in-different-weather-main\wandb\run-20231126_144011-b3c5v1d4\files\conda-environment.yaml
2023-11-26 14:40:23,156 ERROR   gpu       :21040 [interfaces.py:monitor():144] Failed to sample metric: Not Supported
2023-11-26 14:40:23,159 DEBUG   HandlerThread:21040 [system_info.py:_save_conda():87] Saving conda packages done
2023-11-26 14:40:23,171 INFO    HandlerThread:21040 [system_monitor.py:probe():216] Finished publishing system info
2023-11-26 14:40:23,187 DEBUG   HandlerThread:21040 [handler.py:handle_request():144] handle_request: status_report
2023-11-26 14:40:23,187 DEBUG   HandlerThread:21040 [handler.py:handle_request():144] handle_request: keepalive
2023-11-26 14:40:23,188 DEBUG   SenderThread:21040 [sender.py:send():380] send: files
2023-11-26 14:40:23,188 INFO    SenderThread:21040 [sender.py:_save_file():1378] saving file wandb-metadata.json with policy now
2023-11-26 14:40:23,197 DEBUG   HandlerThread:21040 [handler.py:handle_request():144] handle_request: stop_status
2023-11-26 14:40:23,197 DEBUG   SenderThread:21040 [sender.py:send_request():407] send_request: stop_status
2023-11-26 14:40:23,199 DEBUG   HandlerThread:21040 [handler.py:handle_request():144] handle_request: internal_messages
2023-11-26 14:40:23,679 DEBUG   SenderThread:21040 [sender.py:send():380] send: telemetry
2023-11-26 14:40:23,774 ERROR   wandb-upload_0:21040 [internal_api.py:upload_file():2556] upload_file exception https://storage.googleapis.com/wandb-production.appspot.com/princeporch/uncategorized/b3c5v1d4/wandb-metadata.json?Expires=1701067234&GoogleAccessId=gorilla-files-url-signer-man%40wandb-production.iam.gserviceaccount.com&Signature=qCKz1wDiTKMZFRwLpM8BE0omEEJ2MXLbn3O6X1no5dppYGoqQNt%2FkssXB9qNBB8ezXvkhT1V8I69NjG4pm%2BxVmw7FI3ZU1g3bcqxsujgG%2BeLW7n2%2FtIvPVyexbg%2FWYGk9OJ4%2Fr2PJwk9BGmaSJV20JC4%2B6TZt%2BMUwMJ3oIH3Zrh7%2F9WXvI0hH9i9KDFfGjpO34%2BGkLEGmsXdZFqVa3BOwzDO3sv5s9I9ZOF%2Fbj2p2TYTUBYYytA6eXxEdUV%2FLW2R7xzLXtRbRCxHwGIkkhlIW7oQtGHHRukJrFUxfCjA1%2B7ky1XMP8BMlrqgbqRVkPk05%2F%2F4%2B5Fh39aDdyvgCXjhaQ%3D%3D: ('Connection aborted.', ConnectionResetError(10054, '远程主机强迫关闭了一个现有的连接。', None, 10054, None))
2023-11-26 14:40:23,774 ERROR   wandb-upload_0:21040 [internal_api.py:upload_file():2558] upload_file request headers: {'User-Agent': 'python-requests/2.29.0', 'Accept-Encoding': 'gzip, deflate, br', 'Accept': '*/*', 'Connection': 'keep-alive', 'Content-Length': '1282'}
2023-11-26 14:40:23,775 ERROR   wandb-upload_0:21040 [internal_api.py:upload_file():2560] upload_file response body: 
2023-11-26 14:40:23,987 INFO    Thread-12 :21040 [dir_watcher.py:_on_file_modified():288] file/dir modified: E:\自动驾驶\车位检测\parking-space-Identification-in-different-weather-main\wandb\run-20231126_144011-b3c5v1d4\files\conda-environment.yaml
2023-11-26 14:40:23,987 INFO    Thread-12 :21040 [dir_watcher.py:_on_file_created():271] file/dir created: E:\自动驾驶\车位检测\parking-space-Identification-in-different-weather-main\wandb\run-20231126_144011-b3c5v1d4\files\output.log
2023-11-26 14:40:23,988 INFO    Thread-12 :21040 [dir_watcher.py:_on_file_created():271] file/dir created: E:\自动驾驶\车位检测\parking-space-Identification-in-different-weather-main\wandb\run-20231126_144011-b3c5v1d4\files\wandb-metadata.json
2023-11-26 14:40:25,093 ERROR   wandb-upload_0:21040 [internal_api.py:upload_file():2556] upload_file exception https://storage.googleapis.com/wandb-production.appspot.com/princeporch/uncategorized/b3c5v1d4/wandb-metadata.json?Expires=1701067234&GoogleAccessId=gorilla-files-url-signer-man%40wandb-production.iam.gserviceaccount.com&Signature=qCKz1wDiTKMZFRwLpM8BE0omEEJ2MXLbn3O6X1no5dppYGoqQNt%2FkssXB9qNBB8ezXvkhT1V8I69NjG4pm%2BxVmw7FI3ZU1g3bcqxsujgG%2BeLW7n2%2FtIvPVyexbg%2FWYGk9OJ4%2Fr2PJwk9BGmaSJV20JC4%2B6TZt%2BMUwMJ3oIH3Zrh7%2F9WXvI0hH9i9KDFfGjpO34%2BGkLEGmsXdZFqVa3BOwzDO3sv5s9I9ZOF%2Fbj2p2TYTUBYYytA6eXxEdUV%2FLW2R7xzLXtRbRCxHwGIkkhlIW7oQtGHHRukJrFUxfCjA1%2B7ky1XMP8BMlrqgbqRVkPk05%2F%2F4%2B5Fh39aDdyvgCXjhaQ%3D%3D: ('Connection aborted.', ConnectionResetError(10054, '远程主机强迫关闭了一个现有的连接。', None, 10054, None))
2023-11-26 14:40:25,093 ERROR   wandb-upload_0:21040 [internal_api.py:upload_file():2558] upload_file request headers: {'User-Agent': 'python-requests/2.29.0', 'Accept-Encoding': 'gzip, deflate, br', 'Accept': '*/*', 'Connection': 'keep-alive', 'Content-Length': '1282'}
2023-11-26 14:40:25,093 ERROR   wandb-upload_0:21040 [internal_api.py:upload_file():2560] upload_file response body: 
2023-11-26 14:40:25,204 ERROR   gpu       :21040 [interfaces.py:monitor():144] Failed to sample metric: Not Supported
2023-11-26 14:40:25,993 INFO    Thread-12 :21040 [dir_watcher.py:_on_file_modified():288] file/dir modified: E:\自动驾驶\车位检测\parking-space-Identification-in-different-weather-main\wandb\run-20231126_144011-b3c5v1d4\files\output.log
2023-11-26 14:40:27,261 ERROR   gpu       :21040 [interfaces.py:monitor():144] Failed to sample metric: Not Supported
2023-11-26 14:40:27,563 ERROR   wandb-upload_0:21040 [internal_api.py:upload_file():2556] upload_file exception https://storage.googleapis.com/wandb-production.appspot.com/princeporch/uncategorized/b3c5v1d4/wandb-metadata.json?Expires=1701067234&GoogleAccessId=gorilla-files-url-signer-man%40wandb-production.iam.gserviceaccount.com&Signature=qCKz1wDiTKMZFRwLpM8BE0omEEJ2MXLbn3O6X1no5dppYGoqQNt%2FkssXB9qNBB8ezXvkhT1V8I69NjG4pm%2BxVmw7FI3ZU1g3bcqxsujgG%2BeLW7n2%2FtIvPVyexbg%2FWYGk9OJ4%2Fr2PJwk9BGmaSJV20JC4%2B6TZt%2BMUwMJ3oIH3Zrh7%2F9WXvI0hH9i9KDFfGjpO34%2BGkLEGmsXdZFqVa3BOwzDO3sv5s9I9ZOF%2Fbj2p2TYTUBYYytA6eXxEdUV%2FLW2R7xzLXtRbRCxHwGIkkhlIW7oQtGHHRukJrFUxfCjA1%2B7ky1XMP8BMlrqgbqRVkPk05%2F%2F4%2B5Fh39aDdyvgCXjhaQ%3D%3D: ('Connection aborted.', ConnectionResetError(10054, '远程主机强迫关闭了一个现有的连接。', None, 10054, None))
2023-11-26 14:40:27,563 ERROR   wandb-upload_0:21040 [internal_api.py:upload_file():2558] upload_file request headers: {'User-Agent': 'python-requests/2.29.0', 'Accept-Encoding': 'gzip, deflate, br', 'Accept': '*/*', 'Connection': 'keep-alive', 'Content-Length': '1282'}
2023-11-26 14:40:27,563 ERROR   wandb-upload_0:21040 [internal_api.py:upload_file():2560] upload_file response body: 
2023-11-26 14:40:27,563 INFO    wandb-upload_0:21040 [retry.py:__call__():172] Retry attempt failed:
Traceback (most recent call last):
  File "E:\anaconda\lib\site-packages\urllib3\connectionpool.py", line 714, in urlopen
    httplib_response = self._make_request(
  File "E:\anaconda\lib\site-packages\urllib3\connectionpool.py", line 403, in _make_request
    self._validate_conn(conn)
  File "E:\anaconda\lib\site-packages\urllib3\connectionpool.py", line 1053, in _validate_conn
    conn.connect()
  File "E:\anaconda\lib\site-packages\urllib3\connection.py", line 419, in connect
    self.sock = ssl_wrap_socket(
  File "E:\anaconda\lib\site-packages\urllib3\util\ssl_.py", line 449, in ssl_wrap_socket
    ssl_sock = _ssl_wrap_socket_impl(
  File "E:\anaconda\lib\site-packages\urllib3\util\ssl_.py", line 493, in _ssl_wrap_socket_impl
    return ssl_context.wrap_socket(sock, server_hostname=server_hostname)
  File "E:\anaconda\lib\ssl.py", line 513, in wrap_socket
    return self.sslsocket_class._create(
  File "E:\anaconda\lib\ssl.py", line 1071, in _create
    self.do_handshake()
  File "E:\anaconda\lib\ssl.py", line 1342, in do_handshake
    self._sslobj.do_handshake()
ConnectionResetError: [WinError 10054] 远程主机强迫关闭了一个现有的连接。

During handling of the above exception, another exception occurred:

Traceback (most recent call last):
  File "E:\anaconda\lib\site-packages\requests\adapters.py", line 487, in send
    resp = conn.urlopen(
  File "E:\anaconda\lib\site-packages\urllib3\connectionpool.py", line 798, in urlopen
    retries = retries.increment(
  File "E:\anaconda\lib\site-packages\urllib3\util\retry.py", line 550, in increment
    raise six.reraise(type(error), error, _stacktrace)
  File "E:\anaconda\lib\site-packages\urllib3\packages\six.py", line 769, in reraise
    raise value.with_traceback(tb)
  File "E:\anaconda\lib\site-packages\urllib3\connectionpool.py", line 714, in urlopen
    httplib_response = self._make_request(
  File "E:\anaconda\lib\site-packages\urllib3\connectionpool.py", line 403, in _make_request
    self._validate_conn(conn)
  File "E:\anaconda\lib\site-packages\urllib3\connectionpool.py", line 1053, in _validate_conn
    conn.connect()
  File "E:\anaconda\lib\site-packages\urllib3\connection.py", line 419, in connect
    self.sock = ssl_wrap_socket(
  File "E:\anaconda\lib\site-packages\urllib3\util\ssl_.py", line 449, in ssl_wrap_socket
    ssl_sock = _ssl_wrap_socket_impl(
  File "E:\anaconda\lib\site-packages\urllib3\util\ssl_.py", line 493, in _ssl_wrap_socket_impl
    return ssl_context.wrap_socket(sock, server_hostname=server_hostname)
  File "E:\anaconda\lib\ssl.py", line 513, in wrap_socket
    return self.sslsocket_class._create(
  File "E:\anaconda\lib\ssl.py", line 1071, in _create
    self.do_handshake()
  File "E:\anaconda\lib\ssl.py", line 1342, in do_handshake
    self._sslobj.do_handshake()
urllib3.exceptions.ProtocolError: ('Connection aborted.', ConnectionResetError(10054, '远程主机强迫关闭了一个现有的连接。', None, 10054, None))

During handling of the above exception, another exception occurred:

Traceback (most recent call last):
  File "E:\anaconda\lib\site-packages\wandb\sdk\internal\internal_api.py", line 2549, in upload_file
    response = self._upload_file_session.put(
  File "E:\anaconda\lib\site-packages\requests\sessions.py", line 647, in put
    return self.request("PUT", url, data=data, **kwargs)
  File "E:\anaconda\lib\site-packages\requests\sessions.py", line 587, in request
    resp = self.send(prep, **send_kwargs)
  File "E:\anaconda\lib\site-packages\requests\sessions.py", line 701, in send
    r = adapter.send(request, **kwargs)
  File "E:\anaconda\lib\site-packages\requests\adapters.py", line 502, in send
    raise ConnectionError(err, request=request)
requests.exceptions.ConnectionError: ('Connection aborted.', ConnectionResetError(10054, '远程主机强迫关闭了一个现有的连接。', None, 10054, None))

During handling of the above exception, another exception occurred:

Traceback (most recent call last):
  File "E:\anaconda\lib\site-packages\wandb\sdk\lib\retry.py", line 131, in __call__
    result = self._call_fn(*args, **kwargs)
  File "E:\anaconda\lib\site-packages\wandb\sdk\internal\internal_api.py", line 2580, in upload_file
    raise _e.with_traceback(sys.exc_info()[2])
  File "E:\anaconda\lib\site-packages\wandb\sdk\internal\internal_api.py", line 2549, in upload_file
    response = self._upload_file_session.put(
  File "E:\anaconda\lib\site-packages\requests\sessions.py", line 647, in put
    return self.request("PUT", url, data=data, **kwargs)
  File "E:\anaconda\lib\site-packages\requests\sessions.py", line 587, in request
    resp = self.send(prep, **send_kwargs)
  File "E:\anaconda\lib\site-packages\requests\sessions.py", line 701, in send
    r = adapter.send(request, **kwargs)
  File "E:\anaconda\lib\site-packages\requests\adapters.py", line 502, in send
    raise ConnectionError(err, request=request)
wandb.sdk.lib.retry.TransientError: None
2023-11-26 14:40:27,709 DEBUG   HandlerThread:21040 [handler.py:handle_request():144] handle_request: status_report
2023-11-26 14:40:29,317 ERROR   gpu       :21040 [interfaces.py:monitor():144] Failed to sample metric: Not Supported
2023-11-26 14:40:30,125 DEBUG   HandlerThread:21040 [handler.py:handle_request():144] handle_request: partial_history
2023-11-26 14:40:30,129 DEBUG   SenderThread:21040 [sender.py:send():380] send: history
2023-11-26 14:40:30,129 DEBUG   SenderThread:21040 [sender.py:send_request():407] send_request: summary_record
2023-11-26 14:40:30,174 INFO    SenderThread:21040 [sender.py:_save_file():1378] saving file wandb-summary.json with policy end
2023-11-26 14:40:30,315 DEBUG   HandlerThread:21040 [handler.py:handle_request():144] handle_request: partial_history
2023-11-26 14:40:30,316 DEBUG   HandlerThread:21040 [handler.py:handle_request():144] handle_request: partial_history
2023-11-26 14:40:30,317 DEBUG   SenderThread:21040 [sender.py:send():380] send: history
2023-11-26 14:40:30,317 DEBUG   SenderThread:21040 [sender.py:send_request():407] send_request: summary_record
2023-11-26 14:40:30,318 INFO    SenderThread:21040 [sender.py:_save_file():1378] saving file wandb-summary.json with policy end
2023-11-26 14:40:30,318 DEBUG   SenderThread:21040 [sender.py:send():380] send: history
2023-11-26 14:40:30,318 DEBUG   SenderThread:21040 [sender.py:send_request():407] send_request: summary_record
2023-11-26 14:40:30,319 INFO    SenderThread:21040 [sender.py:_save_file():1378] saving file wandb-summary.json with policy end
2023-11-26 14:40:31,040 INFO    Thread-12 :21040 [dir_watcher.py:_on_file_created():271] file/dir created: E:\自动驾驶\车位检测\parking-space-Identification-in-different-weather-main\wandb\run-20231126_144011-b3c5v1d4\files\wandb-summary.json
2023-11-26 14:40:31,361 ERROR   gpu       :21040 [interfaces.py:monitor():144] Failed to sample metric: Not Supported
2023-11-26 14:40:32,045 INFO    Thread-12 :21040 [dir_watcher.py:_on_file_modified():288] file/dir modified: E:\自动驾驶\车位检测\parking-space-Identification-in-different-weather-main\wandb\run-20231126_144011-b3c5v1d4\files\output.log
2023-11-26 14:40:32,203 ERROR   wandb-upload_0:21040 [internal_api.py:upload_file():2556] upload_file exception https://storage.googleapis.com/wandb-production.appspot.com/princeporch/uncategorized/b3c5v1d4/wandb-metadata.json?Expires=1701067234&GoogleAccessId=gorilla-files-url-signer-man%40wandb-production.iam.gserviceaccount.com&Signature=qCKz1wDiTKMZFRwLpM8BE0omEEJ2MXLbn3O6X1no5dppYGoqQNt%2FkssXB9qNBB8ezXvkhT1V8I69NjG4pm%2BxVmw7FI3ZU1g3bcqxsujgG%2BeLW7n2%2FtIvPVyexbg%2FWYGk9OJ4%2Fr2PJwk9BGmaSJV20JC4%2B6TZt%2BMUwMJ3oIH3Zrh7%2F9WXvI0hH9i9KDFfGjpO34%2BGkLEGmsXdZFqVa3BOwzDO3sv5s9I9ZOF%2Fbj2p2TYTUBYYytA6eXxEdUV%2FLW2R7xzLXtRbRCxHwGIkkhlIW7oQtGHHRukJrFUxfCjA1%2B7ky1XMP8BMlrqgbqRVkPk05%2F%2F4%2B5Fh39aDdyvgCXjhaQ%3D%3D: ('Connection aborted.', ConnectionResetError(10054, '远程主机强迫关闭了一个现有的连接。', None, 10054, None))
2023-11-26 14:40:32,203 ERROR   wandb-upload_0:21040 [internal_api.py:upload_file():2558] upload_file request headers: {'User-Agent': 'python-requests/2.29.0', 'Accept-Encoding': 'gzip, deflate, br', 'Accept': '*/*', 'Connection': 'keep-alive', 'Content-Length': '1282'}
2023-11-26 14:40:32,203 ERROR   wandb-upload_0:21040 [internal_api.py:upload_file():2560] upload_file response body: 
2023-11-26 14:40:33,389 DEBUG   HandlerThread:21040 [handler.py:handle_request():144] handle_request: status_report
2023-11-26 14:40:33,409 ERROR   gpu       :21040 [interfaces.py:monitor():144] Failed to sample metric: Not Supported
2023-11-26 14:40:34,178 DEBUG   HandlerThread:21040 [handler.py:handle_request():144] handle_request: partial_history
2023-11-26 14:40:34,179 DEBUG   SenderThread:21040 [sender.py:send():380] send: history
2023-11-26 14:40:34,179 DEBUG   SenderThread:21040 [sender.py:send_request():407] send_request: summary_record
2023-11-26 14:40:34,180 INFO    SenderThread:21040 [sender.py:_save_file():1378] saving file wandb-summary.json with policy end
2023-11-26 14:40:34,355 DEBUG   HandlerThread:21040 [handler.py:handle_request():144] handle_request: partial_history
2023-11-26 14:40:34,356 DEBUG   HandlerThread:21040 [handler.py:handle_request():144] handle_request: partial_history
2023-11-26 14:40:34,357 DEBUG   SenderThread:21040 [sender.py:send():380] send: history
2023-11-26 14:40:34,357 DEBUG   SenderThread:21040 [sender.py:send_request():407] send_request: summary_record
2023-11-26 14:40:34,358 INFO    SenderThread:21040 [sender.py:_save_file():1378] saving file wandb-summary.json with policy end
2023-11-26 14:40:34,358 DEBUG   SenderThread:21040 [sender.py:send():380] send: history
2023-11-26 14:40:34,358 DEBUG   SenderThread:21040 [sender.py:send_request():407] send_request: summary_record
2023-11-26 14:40:34,359 INFO    SenderThread:21040 [sender.py:_save_file():1378] saving file wandb-summary.json with policy end
2023-11-26 14:40:35,062 INFO    Thread-12 :21040 [dir_watcher.py:_on_file_modified():288] file/dir modified: E:\自动驾驶\车位检测\parking-space-Identification-in-different-weather-main\wandb\run-20231126_144011-b3c5v1d4\files\wandb-summary.json
2023-11-26 14:40:35,460 ERROR   gpu       :21040 [interfaces.py:monitor():144] Failed to sample metric: Not Supported
2023-11-26 14:40:36,068 INFO    Thread-12 :21040 [dir_watcher.py:_on_file_modified():288] file/dir modified: E:\自动驾驶\车位检测\parking-space-Identification-in-different-weather-main\wandb\run-20231126_144011-b3c5v1d4\files\output.log
2023-11-26 14:40:37,513 ERROR   gpu       :21040 [interfaces.py:monitor():144] Failed to sample metric: Not Supported
2023-11-26 14:40:38,203 DEBUG   HandlerThread:21040 [handler.py:handle_request():144] handle_request: internal_messages
2023-11-26 14:40:38,203 DEBUG   HandlerThread:21040 [handler.py:handle_request():144] handle_request: stop_status
2023-11-26 14:40:38,204 DEBUG   SenderThread:21040 [sender.py:send_request():407] send_request: stop_status
2023-11-26 14:40:38,259 DEBUG   HandlerThread:21040 [handler.py:handle_request():144] handle_request: partial_history
2023-11-26 14:40:38,432 DEBUG   HandlerThread:21040 [handler.py:handle_request():144] handle_request: partial_history
2023-11-26 14:40:38,433 DEBUG   HandlerThread:21040 [handler.py:handle_request():144] handle_request: partial_history
2023-11-26 14:40:38,504 DEBUG   SenderThread:21040 [sender.py:send():380] send: history
2023-11-26 14:40:38,504 DEBUG   HandlerThread:21040 [handler.py:handle_request():144] handle_request: status_report
2023-11-26 14:40:38,504 DEBUG   SenderThread:21040 [sender.py:send_request():407] send_request: summary_record
2023-11-26 14:40:38,506 INFO    SenderThread:21040 [sender.py:_save_file():1378] saving file wandb-summary.json with policy end
2023-11-26 14:40:38,507 DEBUG   SenderThread:21040 [sender.py:send():380] send: history
2023-11-26 14:40:38,507 DEBUG   SenderThread:21040 [sender.py:send_request():407] send_request: summary_record
2023-11-26 14:40:38,508 INFO    SenderThread:21040 [sender.py:_save_file():1378] saving file wandb-summary.json with policy end
2023-11-26 14:40:38,508 DEBUG   SenderThread:21040 [sender.py:send():380] send: history
2023-11-26 14:40:38,508 DEBUG   SenderThread:21040 [sender.py:send_request():407] send_request: summary_record
2023-11-26 14:40:38,509 INFO    SenderThread:21040 [sender.py:_save_file():1378] saving file wandb-summary.json with policy end
2023-11-26 14:40:39,085 INFO    Thread-12 :21040 [dir_watcher.py:_on_file_modified():288] file/dir modified: E:\自动驾驶\车位检测\parking-space-Identification-in-different-weather-main\wandb\run-20231126_144011-b3c5v1d4\files\wandb-summary.json
2023-11-26 14:40:39,571 ERROR   gpu       :21040 [interfaces.py:monitor():144] Failed to sample metric: Not Supported
2023-11-26 14:40:40,095 INFO    Thread-12 :21040 [dir_watcher.py:_on_file_modified():288] file/dir modified: E:\自动驾驶\车位检测\parking-space-Identification-in-different-weather-main\wandb\run-20231126_144011-b3c5v1d4\files\output.log
2023-11-26 14:40:40,469 ERROR   wandb-upload_0:21040 [internal_api.py:upload_file():2556] upload_file exception https://storage.googleapis.com/wandb-production.appspot.com/princeporch/uncategorized/b3c5v1d4/wandb-metadata.json?Expires=1701067234&GoogleAccessId=gorilla-files-url-signer-man%40wandb-production.iam.gserviceaccount.com&Signature=qCKz1wDiTKMZFRwLpM8BE0omEEJ2MXLbn3O6X1no5dppYGoqQNt%2FkssXB9qNBB8ezXvkhT1V8I69NjG4pm%2BxVmw7FI3ZU1g3bcqxsujgG%2BeLW7n2%2FtIvPVyexbg%2FWYGk9OJ4%2Fr2PJwk9BGmaSJV20JC4%2B6TZt%2BMUwMJ3oIH3Zrh7%2F9WXvI0hH9i9KDFfGjpO34%2BGkLEGmsXdZFqVa3BOwzDO3sv5s9I9ZOF%2Fbj2p2TYTUBYYytA6eXxEdUV%2FLW2R7xzLXtRbRCxHwGIkkhlIW7oQtGHHRukJrFUxfCjA1%2B7ky1XMP8BMlrqgbqRVkPk05%2F%2F4%2B5Fh39aDdyvgCXjhaQ%3D%3D: ('Connection aborted.', ConnectionResetError(10054, '远程主机强迫关闭了一个现有的连接。', None, 10054, None))
2023-11-26 14:40:40,469 ERROR   wandb-upload_0:21040 [internal_api.py:upload_file():2558] upload_file request headers: {'User-Agent': 'python-requests/2.29.0', 'Accept-Encoding': 'gzip, deflate, br', 'Accept': '*/*', 'Connection': 'keep-alive', 'Content-Length': '1282'}
2023-11-26 14:40:40,469 ERROR   wandb-upload_0:21040 [internal_api.py:upload_file():2560] upload_file response body: 
2023-11-26 14:40:41,615 ERROR   gpu       :21040 [interfaces.py:monitor():144] Failed to sample metric: Not Supported
2023-11-26 14:40:42,366 DEBUG   HandlerThread:21040 [handler.py:handle_request():144] handle_request: partial_history
2023-11-26 14:40:42,366 DEBUG   SenderThread:21040 [sender.py:send():380] send: history
2023-11-26 14:40:42,367 DEBUG   SenderThread:21040 [sender.py:send_request():407] send_request: summary_record
2023-11-26 14:40:42,367 INFO    SenderThread:21040 [sender.py:_save_file():1378] saving file wandb-summary.json with policy end
2023-11-26 14:40:42,540 DEBUG   HandlerThread:21040 [handler.py:handle_request():144] handle_request: partial_history
2023-11-26 14:40:42,540 DEBUG   HandlerThread:21040 [handler.py:handle_request():144] handle_request: partial_history
2023-11-26 14:40:42,541 DEBUG   SenderThread:21040 [sender.py:send():380] send: history
2023-11-26 14:40:42,541 DEBUG   SenderThread:21040 [sender.py:send_request():407] send_request: summary_record
2023-11-26 14:40:42,542 INFO    SenderThread:21040 [sender.py:_save_file():1378] saving file wandb-summary.json with policy end
2023-11-26 14:40:42,543 DEBUG   SenderThread:21040 [sender.py:send():380] send: history
2023-11-26 14:40:42,543 DEBUG   SenderThread:21040 [sender.py:send_request():407] send_request: summary_record
2023-11-26 14:40:42,544 INFO    SenderThread:21040 [sender.py:_save_file():1378] saving file wandb-summary.json with policy end
2023-11-26 14:40:43,112 INFO    Thread-12 :21040 [dir_watcher.py:_on_file_modified():288] file/dir modified: E:\自动驾驶\车位检测\parking-space-Identification-in-different-weather-main\wandb\run-20231126_144011-b3c5v1d4\files\wandb-summary.json
2023-11-26 14:40:43,555 DEBUG   HandlerThread:21040 [handler.py:handle_request():144] handle_request: status_report
2023-11-26 14:40:43,684 ERROR   gpu       :21040 [interfaces.py:monitor():144] Failed to sample metric: Not Supported
2023-11-26 14:40:44,115 INFO    Thread-12 :21040 [dir_watcher.py:_on_file_modified():288] file/dir modified: E:\自动驾驶\车位检测\parking-space-Identification-in-different-weather-main\wandb\run-20231126_144011-b3c5v1d4\files\output.log
2023-11-26 14:40:44,115 INFO    Thread-12 :21040 [dir_watcher.py:_on_file_modified():288] file/dir modified: E:\自动驾驶\车位检测\parking-space-Identification-in-different-weather-main\wandb\run-20231126_144011-b3c5v1d4\files\config.yaml
2023-11-26 14:40:45,720 ERROR   gpu       :21040 [interfaces.py:monitor():144] Failed to sample metric: Not Supported
2023-11-26 14:40:46,576 DEBUG   HandlerThread:21040 [handler.py:handle_request():144] handle_request: partial_history
2023-11-26 14:40:46,577 DEBUG   SenderThread:21040 [sender.py:send():380] send: history
2023-11-26 14:40:46,577 DEBUG   SenderThread:21040 [sender.py:send_request():407] send_request: summary_record
2023-11-26 14:40:46,578 INFO    SenderThread:21040 [sender.py:_save_file():1378] saving file wandb-summary.json with policy end
2023-11-26 14:40:46,755 DEBUG   HandlerThread:21040 [handler.py:handle_request():144] handle_request: partial_history
2023-11-26 14:40:46,755 DEBUG   HandlerThread:21040 [handler.py:handle_request():144] handle_request: partial_history
2023-11-26 14:40:46,756 DEBUG   SenderThread:21040 [sender.py:send():380] send: history
2023-11-26 14:40:46,757 DEBUG   SenderThread:21040 [sender.py:send_request():407] send_request: summary_record
2023-11-26 14:40:46,757 INFO    SenderThread:21040 [sender.py:_save_file():1378] saving file wandb-summary.json with policy end
2023-11-26 14:40:46,758 DEBUG   SenderThread:21040 [sender.py:send():380] send: history
2023-11-26 14:40:46,758 DEBUG   SenderThread:21040 [sender.py:send_request():407] send_request: summary_record
2023-11-26 14:40:46,758 INFO    SenderThread:21040 [sender.py:_save_file():1378] saving file wandb-summary.json with policy end
2023-11-26 14:40:47,141 INFO    Thread-12 :21040 [dir_watcher.py:_on_file_modified():288] file/dir modified: E:\自动驾驶\车位检测\parking-space-Identification-in-different-weather-main\wandb\run-20231126_144011-b3c5v1d4\files\wandb-summary.json
2023-11-26 14:40:47,801 ERROR   gpu       :21040 [interfaces.py:monitor():144] Failed to sample metric: Not Supported
2023-11-26 14:40:48,186 INFO    Thread-12 :21040 [dir_watcher.py:_on_file_modified():288] file/dir modified: E:\自动驾驶\车位检测\parking-space-Identification-in-different-weather-main\wandb\run-20231126_144011-b3c5v1d4\files\output.log
2023-11-26 14:40:49,795 DEBUG   HandlerThread:21040 [handler.py:handle_request():144] handle_request: status_report
2023-11-26 14:40:49,839 ERROR   gpu       :21040 [interfaces.py:monitor():144] Failed to sample metric: Not Supported
2023-11-26 14:40:50,660 DEBUG   HandlerThread:21040 [handler.py:handle_request():144] handle_request: partial_history
2023-11-26 14:40:50,661 DEBUG   SenderThread:21040 [sender.py:send():380] send: history
2023-11-26 14:40:50,661 DEBUG   SenderThread:21040 [sender.py:send_request():407] send_request: summary_record
2023-11-26 14:40:50,662 INFO    SenderThread:21040 [sender.py:_save_file():1378] saving file wandb-summary.json with policy end
2023-11-26 14:40:50,854 DEBUG   HandlerThread:21040 [handler.py:handle_request():144] handle_request: partial_history
2023-11-26 14:40:50,855 DEBUG   HandlerThread:21040 [handler.py:handle_request():144] handle_request: partial_history
2023-11-26 14:40:50,856 DEBUG   SenderThread:21040 [sender.py:send():380] send: history
2023-11-26 14:40:50,856 DEBUG   SenderThread:21040 [sender.py:send_request():407] send_request: summary_record
2023-11-26 14:40:50,857 INFO    SenderThread:21040 [sender.py:_save_file():1378] saving file wandb-summary.json with policy end
2023-11-26 14:40:50,857 DEBUG   SenderThread:21040 [sender.py:send():380] send: history
2023-11-26 14:40:50,857 DEBUG   SenderThread:21040 [sender.py:send_request():407] send_request: summary_record
2023-11-26 14:40:50,858 INFO    SenderThread:21040 [sender.py:_save_file():1378] saving file wandb-summary.json with policy end
2023-11-26 14:40:51,200 INFO    Thread-12 :21040 [dir_watcher.py:_on_file_modified():288] file/dir modified: E:\自动驾驶\车位检测\parking-space-Identification-in-different-weather-main\wandb\run-20231126_144011-b3c5v1d4\files\wandb-summary.json
2023-11-26 14:40:51,875 ERROR   gpu       :21040 [interfaces.py:monitor():144] Failed to sample metric: Not Supported
2023-11-26 14:40:52,206 INFO    Thread-12 :21040 [dir_watcher.py:_on_file_modified():288] file/dir modified: E:\自动驾驶\车位检测\parking-space-Identification-in-different-weather-main\wandb\run-20231126_144011-b3c5v1d4\files\output.log
2023-11-26 14:40:53,201 DEBUG   HandlerThread:21040 [handler.py:handle_request():144] handle_request: internal_messages
2023-11-26 14:40:53,201 DEBUG   HandlerThread:21040 [handler.py:handle_request():144] handle_request: stop_status
2023-11-26 14:40:53,202 DEBUG   SenderThread:21040 [sender.py:send_request():407] send_request: stop_status
2023-11-26 14:40:53,917 ERROR   gpu       :21040 [interfaces.py:monitor():144] Failed to sample metric: Not Supported
2023-11-26 14:40:54,712 DEBUG   HandlerThread:21040 [handler.py:handle_request():144] handle_request: partial_history
2023-11-26 14:40:54,713 DEBUG   SenderThread:21040 [sender.py:send():380] send: history
2023-11-26 14:40:54,713 DEBUG   SenderThread:21040 [sender.py:send_request():407] send_request: summary_record
2023-11-26 14:40:54,714 INFO    SenderThread:21040 [sender.py:_save_file():1378] saving file wandb-summary.json with policy end
2023-11-26 14:40:54,885 DEBUG   HandlerThread:21040 [handler.py:handle_request():144] handle_request: status_report
2023-11-26 14:40:54,885 DEBUG   HandlerThread:21040 [handler.py:handle_request():144] handle_request: partial_history
2023-11-26 14:40:54,885 DEBUG   HandlerThread:21040 [handler.py:handle_request():144] handle_request: partial_history
2023-11-26 14:40:54,886 DEBUG   SenderThread:21040 [sender.py:send():380] send: history
2023-11-26 14:40:54,887 DEBUG   SenderThread:21040 [sender.py:send_request():407] send_request: summary_record
2023-11-26 14:40:54,888 INFO    SenderThread:21040 [sender.py:_save_file():1378] saving file wandb-summary.json with policy end
2023-11-26 14:40:54,888 DEBUG   SenderThread:21040 [sender.py:send():380] send: history
2023-11-26 14:40:54,888 DEBUG   SenderThread:21040 [sender.py:send_request():407] send_request: summary_record
2023-11-26 14:40:54,889 INFO    SenderThread:21040 [sender.py:_save_file():1378] saving file wandb-summary.json with policy end
2023-11-26 14:40:55,226 INFO    Thread-12 :21040 [dir_watcher.py:_on_file_modified():288] file/dir modified: E:\自动驾驶\车位检测\parking-space-Identification-in-different-weather-main\wandb\run-20231126_144011-b3c5v1d4\files\wandb-summary.json
2023-11-26 14:40:55,970 ERROR   gpu       :21040 [interfaces.py:monitor():144] Failed to sample metric: Not Supported
2023-11-26 14:40:56,229 INFO    Thread-12 :21040 [dir_watcher.py:_on_file_modified():288] file/dir modified: E:\自动驾驶\车位检测\parking-space-Identification-in-different-weather-main\wandb\run-20231126_144011-b3c5v1d4\files\output.log
2023-11-26 14:40:56,758 ERROR   wandb-upload_0:21040 [internal_api.py:upload_file():2556] upload_file exception https://storage.googleapis.com/wandb-production.appspot.com/princeporch/uncategorized/b3c5v1d4/wandb-metadata.json?Expires=1701067234&GoogleAccessId=gorilla-files-url-signer-man%40wandb-production.iam.gserviceaccount.com&Signature=qCKz1wDiTKMZFRwLpM8BE0omEEJ2MXLbn3O6X1no5dppYGoqQNt%2FkssXB9qNBB8ezXvkhT1V8I69NjG4pm%2BxVmw7FI3ZU1g3bcqxsujgG%2BeLW7n2%2FtIvPVyexbg%2FWYGk9OJ4%2Fr2PJwk9BGmaSJV20JC4%2B6TZt%2BMUwMJ3oIH3Zrh7%2F9WXvI0hH9i9KDFfGjpO34%2BGkLEGmsXdZFqVa3BOwzDO3sv5s9I9ZOF%2Fbj2p2TYTUBYYytA6eXxEdUV%2FLW2R7xzLXtRbRCxHwGIkkhlIW7oQtGHHRukJrFUxfCjA1%2B7ky1XMP8BMlrqgbqRVkPk05%2F%2F4%2B5Fh39aDdyvgCXjhaQ%3D%3D: ('Connection aborted.', ConnectionResetError(10054, '远程主机强迫关闭了一个现有的连接。', None, 10054, None))
2023-11-26 14:40:56,758 ERROR   wandb-upload_0:21040 [internal_api.py:upload_file():2558] upload_file request headers: {'User-Agent': 'python-requests/2.29.0', 'Accept-Encoding': 'gzip, deflate, br', 'Accept': '*/*', 'Connection': 'keep-alive', 'Content-Length': '1282'}
2023-11-26 14:40:56,758 ERROR   wandb-upload_0:21040 [internal_api.py:upload_file():2560] upload_file response body: 
2023-11-26 14:40:58,027 ERROR   gpu       :21040 [interfaces.py:monitor():144] Failed to sample metric: Not Supported
2023-11-26 14:40:58,778 DEBUG   HandlerThread:21040 [handler.py:handle_request():144] handle_request: partial_history
2023-11-26 14:40:58,779 DEBUG   SenderThread:21040 [sender.py:send():380] send: history
2023-11-26 14:40:58,779 DEBUG   SenderThread:21040 [sender.py:send_request():407] send_request: summary_record
2023-11-26 14:40:58,780 INFO    SenderThread:21040 [sender.py:_save_file():1378] saving file wandb-summary.json with policy end
2023-11-26 14:40:58,950 DEBUG   HandlerThread:21040 [handler.py:handle_request():144] handle_request: partial_history
2023-11-26 14:40:58,952 DEBUG   HandlerThread:21040 [handler.py:handle_request():144] handle_request: partial_history
2023-11-26 14:40:58,952 DEBUG   SenderThread:21040 [sender.py:send():380] send: history
2023-11-26 14:40:58,953 DEBUG   SenderThread:21040 [sender.py:send_request():407] send_request: summary_record
2023-11-26 14:40:58,953 INFO    SenderThread:21040 [sender.py:_save_file():1378] saving file wandb-summary.json with policy end
2023-11-26 14:40:58,954 DEBUG   SenderThread:21040 [sender.py:send():380] send: history
2023-11-26 14:40:58,954 DEBUG   SenderThread:21040 [sender.py:send_request():407] send_request: summary_record
2023-11-26 14:40:58,954 INFO    SenderThread:21040 [sender.py:_save_file():1378] saving file wandb-summary.json with policy end
2023-11-26 14:40:59,244 INFO    Thread-12 :21040 [dir_watcher.py:_on_file_modified():288] file/dir modified: E:\自动驾驶\车位检测\parking-space-Identification-in-different-weather-main\wandb\run-20231126_144011-b3c5v1d4\files\wandb-summary.json
2023-11-26 14:40:59,967 DEBUG   HandlerThread:21040 [handler.py:handle_request():144] handle_request: status_report
2023-11-26 14:41:00,086 ERROR   gpu       :21040 [interfaces.py:monitor():144] Failed to sample metric: Not Supported
2023-11-26 14:41:00,251 INFO    Thread-12 :21040 [dir_watcher.py:_on_file_modified():288] file/dir modified: E:\自动驾驶\车位检测\parking-space-Identification-in-different-weather-main\wandb\run-20231126_144011-b3c5v1d4\files\output.log
2023-11-26 14:41:02,133 ERROR   gpu       :21040 [interfaces.py:monitor():144] Failed to sample metric: Not Supported
2023-11-26 14:41:02,924 DEBUG   HandlerThread:21040 [handler.py:handle_request():144] handle_request: partial_history
2023-11-26 14:41:02,925 DEBUG   SenderThread:21040 [sender.py:send():380] send: history
2023-11-26 14:41:02,925 DEBUG   SenderThread:21040 [sender.py:send_request():407] send_request: summary_record
2023-11-26 14:41:02,927 INFO    SenderThread:21040 [sender.py:_save_file():1378] saving file wandb-summary.json with policy end
2023-11-26 14:41:03,097 DEBUG   HandlerThread:21040 [handler.py:handle_request():144] handle_request: partial_history
2023-11-26 14:41:03,098 DEBUG   HandlerThread:21040 [handler.py:handle_request():144] handle_request: partial_history
2023-11-26 14:41:03,099 DEBUG   SenderThread:21040 [sender.py:send():380] send: history
2023-11-26 14:41:03,099 DEBUG   SenderThread:21040 [sender.py:send_request():407] send_request: summary_record
2023-11-26 14:41:03,100 INFO    SenderThread:21040 [sender.py:_save_file():1378] saving file wandb-summary.json with policy end
2023-11-26 14:41:03,100 DEBUG   SenderThread:21040 [sender.py:send():380] send: history
2023-11-26 14:41:03,100 DEBUG   SenderThread:21040 [sender.py:send_request():407] send_request: summary_record
2023-11-26 14:41:03,101 INFO    SenderThread:21040 [sender.py:_save_file():1378] saving file wandb-summary.json with policy end
2023-11-26 14:41:03,277 INFO    Thread-12 :21040 [dir_watcher.py:_on_file_modified():288] file/dir modified: E:\自动驾驶\车位检测\parking-space-Identification-in-different-weather-main\wandb\run-20231126_144011-b3c5v1d4\files\wandb-summary.json
2023-11-26 14:41:04,185 ERROR   gpu       :21040 [interfaces.py:monitor():144] Failed to sample metric: Not Supported
2023-11-26 14:41:04,286 INFO    Thread-12 :21040 [dir_watcher.py:_on_file_modified():288] file/dir modified: E:\自动驾驶\车位检测\parking-space-Identification-in-different-weather-main\wandb\run-20231126_144011-b3c5v1d4\files\output.log
2023-11-26 14:41:05,125 DEBUG   HandlerThread:21040 [handler.py:handle_request():144] handle_request: status_report
2023-11-26 14:41:06,246 ERROR   gpu       :21040 [interfaces.py:monitor():144] Failed to sample metric: Not Supported
2023-11-26 14:41:07,009 DEBUG   HandlerThread:21040 [handler.py:handle_request():144] handle_request: partial_history
2023-11-26 14:41:07,010 DEBUG   SenderThread:21040 [sender.py:send():380] send: history
2023-11-26 14:41:07,010 DEBUG   SenderThread:21040 [sender.py:send_request():407] send_request: summary_record
2023-11-26 14:41:07,011 INFO    SenderThread:21040 [sender.py:_save_file():1378] saving file wandb-summary.json with policy end
2023-11-26 14:41:07,183 DEBUG   HandlerThread:21040 [handler.py:handle_request():144] handle_request: partial_history
2023-11-26 14:41:07,183 DEBUG   HandlerThread:21040 [handler.py:handle_request():144] handle_request: partial_history
2023-11-26 14:41:07,184 DEBUG   SenderThread:21040 [sender.py:send():380] send: history
2023-11-26 14:41:07,185 DEBUG   SenderThread:21040 [sender.py:send_request():407] send_request: summary_record
2023-11-26 14:41:07,185 INFO    SenderThread:21040 [sender.py:_save_file():1378] saving file wandb-summary.json with policy end
2023-11-26 14:41:07,186 DEBUG   SenderThread:21040 [sender.py:send():380] send: history
2023-11-26 14:41:07,186 DEBUG   SenderThread:21040 [sender.py:send_request():407] send_request: summary_record
2023-11-26 14:41:07,187 INFO    SenderThread:21040 [sender.py:_save_file():1378] saving file wandb-summary.json with policy end
2023-11-26 14:41:07,318 INFO    Thread-12 :21040 [dir_watcher.py:_on_file_modified():288] file/dir modified: E:\自动驾驶\车位检测\parking-space-Identification-in-different-weather-main\wandb\run-20231126_144011-b3c5v1d4\files\wandb-summary.json
2023-11-26 14:41:08,211 DEBUG   HandlerThread:21040 [handler.py:handle_request():144] handle_request: internal_messages
2023-11-26 14:41:08,211 DEBUG   HandlerThread:21040 [handler.py:handle_request():144] handle_request: stop_status
2023-11-26 14:41:08,212 DEBUG   SenderThread:21040 [sender.py:send_request():407] send_request: stop_status
2023-11-26 14:41:08,301 ERROR   gpu       :21040 [interfaces.py:monitor():144] Failed to sample metric: Not Supported
2023-11-26 14:41:08,320 INFO    Thread-12 :21040 [dir_watcher.py:_on_file_modified():288] file/dir modified: E:\自动驾驶\车位检测\parking-space-Identification-in-different-weather-main\wandb\run-20231126_144011-b3c5v1d4\files\output.log
2023-11-26 14:41:10,344 ERROR   gpu       :21040 [interfaces.py:monitor():144] Failed to sample metric: Not Supported
2023-11-26 14:41:10,460 DEBUG   HandlerThread:21040 [handler.py:handle_request():144] handle_request: status_report
2023-11-26 14:41:11,101 DEBUG   HandlerThread:21040 [handler.py:handle_request():144] handle_request: partial_history
2023-11-26 14:41:11,102 DEBUG   SenderThread:21040 [sender.py:send():380] send: history
2023-11-26 14:41:11,102 DEBUG   SenderThread:21040 [sender.py:send_request():407] send_request: summary_record
2023-11-26 14:41:11,103 INFO    SenderThread:21040 [sender.py:_save_file():1378] saving file wandb-summary.json with policy end
2023-11-26 14:41:11,276 DEBUG   HandlerThread:21040 [handler.py:handle_request():144] handle_request: partial_history
2023-11-26 14:41:11,277 DEBUG   HandlerThread:21040 [handler.py:handle_request():144] handle_request: partial_history
2023-11-26 14:41:11,277 DEBUG   SenderThread:21040 [sender.py:send():380] send: history
2023-11-26 14:41:11,278 DEBUG   SenderThread:21040 [sender.py:send_request():407] send_request: summary_record
2023-11-26 14:41:11,279 INFO    SenderThread:21040 [sender.py:_save_file():1378] saving file wandb-summary.json with policy end
2023-11-26 14:41:11,279 DEBUG   SenderThread:21040 [sender.py:send():380] send: history
2023-11-26 14:41:11,279 DEBUG   SenderThread:21040 [sender.py:send_request():407] send_request: summary_record
2023-11-26 14:41:11,280 INFO    SenderThread:21040 [sender.py:_save_file():1378] saving file wandb-summary.json with policy end
2023-11-26 14:41:11,344 INFO    Thread-12 :21040 [dir_watcher.py:_on_file_modified():288] file/dir modified: E:\自动驾驶\车位检测\parking-space-Identification-in-different-weather-main\wandb\run-20231126_144011-b3c5v1d4\files\wandb-summary.json
2023-11-26 14:41:12,370 INFO    Thread-12 :21040 [dir_watcher.py:_on_file_modified():288] file/dir modified: E:\自动驾驶\车位检测\parking-space-Identification-in-different-weather-main\wandb\run-20231126_144011-b3c5v1d4\files\output.log
2023-11-26 14:41:12,400 ERROR   gpu       :21040 [interfaces.py:monitor():144] Failed to sample metric: Not Supported
2023-11-26 14:41:14,464 ERROR   gpu       :21040 [interfaces.py:monitor():144] Failed to sample metric: Not Supported
2023-11-26 14:41:15,217 DEBUG   HandlerThread:21040 [handler.py:handle_request():144] handle_request: partial_history
2023-11-26 14:41:15,218 DEBUG   SenderThread:21040 [sender.py:send():380] send: history
2023-11-26 14:41:15,218 DEBUG   SenderThread:21040 [sender.py:send_request():407] send_request: summary_record
2023-11-26 14:41:15,219 INFO    SenderThread:21040 [sender.py:_save_file():1378] saving file wandb-summary.json with policy end
2023-11-26 14:41:15,391 DEBUG   HandlerThread:21040 [handler.py:handle_request():144] handle_request: partial_history
2023-11-26 14:41:15,391 DEBUG   HandlerThread:21040 [handler.py:handle_request():144] handle_request: partial_history
2023-11-26 14:41:15,392 DEBUG   SenderThread:21040 [sender.py:send():380] send: history
2023-11-26 14:41:15,393 DEBUG   SenderThread:21040 [sender.py:send_request():407] send_request: summary_record
2023-11-26 14:41:15,393 INFO    SenderThread:21040 [sender.py:_save_file():1378] saving file wandb-summary.json with policy end
2023-11-26 14:41:15,394 DEBUG   SenderThread:21040 [sender.py:send():380] send: history
2023-11-26 14:41:15,394 DEBUG   SenderThread:21040 [sender.py:send_request():407] send_request: summary_record
2023-11-26 14:41:15,394 INFO    SenderThread:21040 [sender.py:_save_file():1378] saving file wandb-summary.json with policy end
2023-11-26 14:41:15,449 INFO    Thread-12 :21040 [dir_watcher.py:_on_file_modified():288] file/dir modified: E:\自动驾驶\车位检测\parking-space-Identification-in-different-weather-main\wandb\run-20231126_144011-b3c5v1d4\files\wandb-summary.json
2023-11-26 14:41:16,406 DEBUG   HandlerThread:21040 [handler.py:handle_request():144] handle_request: status_report
2023-11-26 14:41:16,483 INFO    Thread-12 :21040 [dir_watcher.py:_on_file_modified():288] file/dir modified: E:\自动驾驶\车位检测\parking-space-Identification-in-different-weather-main\wandb\run-20231126_144011-b3c5v1d4\files\output.log
2023-11-26 14:41:16,520 ERROR   gpu       :21040 [interfaces.py:monitor():144] Failed to sample metric: Not Supported
2023-11-26 14:41:16,940 DEBUG   SystemMonitor:21040 [system_monitor.py:_start():159] Starting system metrics aggregation loop
2023-11-26 14:41:16,942 DEBUG   SenderThread:21040 [sender.py:send():380] send: stats
2023-11-26 14:41:18,598 ERROR   gpu       :21040 [interfaces.py:monitor():144] Failed to sample metric: Not Supported
2023-11-26 14:41:19,346 DEBUG   HandlerThread:21040 [handler.py:handle_request():144] handle_request: partial_history
2023-11-26 14:41:19,347 DEBUG   SenderThread:21040 [sender.py:send():380] send: history
2023-11-26 14:41:19,347 DEBUG   SenderThread:21040 [sender.py:send_request():407] send_request: summary_record
2023-11-26 14:41:19,348 INFO    SenderThread:21040 [sender.py:_save_file():1378] saving file wandb-summary.json with policy end
2023-11-26 14:41:19,519 DEBUG   HandlerThread:21040 [handler.py:handle_request():144] handle_request: partial_history
2023-11-26 14:41:19,519 DEBUG   HandlerThread:21040 [handler.py:handle_request():144] handle_request: partial_history
2023-11-26 14:41:19,520 DEBUG   SenderThread:21040 [sender.py:send():380] send: history
2023-11-26 14:41:19,520 DEBUG   SenderThread:21040 [sender.py:send_request():407] send_request: summary_record
2023-11-26 14:41:19,521 INFO    SenderThread:21040 [sender.py:_save_file():1378] saving file wandb-summary.json with policy end
2023-11-26 14:41:19,521 DEBUG   SenderThread:21040 [sender.py:send():380] send: history
2023-11-26 14:41:19,522 DEBUG   SenderThread:21040 [sender.py:send_request():407] send_request: summary_record
2023-11-26 14:41:19,522 INFO    SenderThread:21040 [sender.py:_save_file():1378] saving file wandb-summary.json with policy end
2023-11-26 14:41:19,535 INFO    Thread-12 :21040 [dir_watcher.py:_on_file_modified():288] file/dir modified: E:\自动驾驶\车位检测\parking-space-Identification-in-different-weather-main\wandb\run-20231126_144011-b3c5v1d4\files\wandb-summary.json
2023-11-26 14:41:20,572 INFO    Thread-12 :21040 [dir_watcher.py:_on_file_modified():288] file/dir modified: E:\自动驾驶\车位检测\parking-space-Identification-in-different-weather-main\wandb\run-20231126_144011-b3c5v1d4\files\output.log
2023-11-26 14:41:20,638 ERROR   gpu       :21040 [interfaces.py:monitor():144] Failed to sample metric: Not Supported
2023-11-26 14:41:21,532 DEBUG   HandlerThread:21040 [handler.py:handle_request():144] handle_request: status_report
2023-11-26 14:41:22,679 ERROR   gpu       :21040 [interfaces.py:monitor():144] Failed to sample metric: Not Supported
2023-11-26 14:41:23,210 DEBUG   HandlerThread:21040 [handler.py:handle_request():144] handle_request: stop_status
2023-11-26 14:41:23,211 DEBUG   SenderThread:21040 [sender.py:send_request():407] send_request: stop_status
2023-11-26 14:41:23,227 DEBUG   HandlerThread:21040 [handler.py:handle_request():144] handle_request: internal_messages
2023-11-26 14:41:23,428 DEBUG   HandlerThread:21040 [handler.py:handle_request():144] handle_request: partial_history
2023-11-26 14:41:23,458 DEBUG   SenderThread:21040 [sender.py:send():380] send: history
2023-11-26 14:41:23,458 DEBUG   SenderThread:21040 [sender.py:send_request():407] send_request: summary_record
2023-11-26 14:41:23,459 INFO    SenderThread:21040 [sender.py:_save_file():1378] saving file wandb-summary.json with policy end
2023-11-26 14:41:23,614 DEBUG   HandlerThread:21040 [handler.py:handle_request():144] handle_request: partial_history
2023-11-26 14:41:23,615 DEBUG   HandlerThread:21040 [handler.py:handle_request():144] handle_request: partial_history
2023-11-26 14:41:23,615 DEBUG   SenderThread:21040 [sender.py:send():380] send: history
2023-11-26 14:41:23,616 DEBUG   SenderThread:21040 [sender.py:send_request():407] send_request: summary_record
2023-11-26 14:41:23,616 INFO    SenderThread:21040 [sender.py:_save_file():1378] saving file wandb-summary.json with policy end
2023-11-26 14:41:23,617 DEBUG   SenderThread:21040 [sender.py:send():380] send: history
2023-11-26 14:41:23,617 DEBUG   SenderThread:21040 [sender.py:send_request():407] send_request: summary_record
2023-11-26 14:41:23,618 INFO    SenderThread:21040 [sender.py:_save_file():1378] saving file wandb-summary.json with policy end
2023-11-26 14:41:23,635 INFO    Thread-12 :21040 [dir_watcher.py:_on_file_modified():288] file/dir modified: E:\自动驾驶\车位检测\parking-space-Identification-in-different-weather-main\wandb\run-20231126_144011-b3c5v1d4\files\wandb-summary.json
2023-11-26 14:41:24,685 INFO    Thread-12 :21040 [dir_watcher.py:_on_file_modified():288] file/dir modified: E:\自动驾驶\车位检测\parking-space-Identification-in-different-weather-main\wandb\run-20231126_144011-b3c5v1d4\files\output.log
2023-11-26 14:41:24,718 ERROR   gpu       :21040 [interfaces.py:monitor():144] Failed to sample metric: Not Supported
2023-11-26 14:41:26,638 DEBUG   HandlerThread:21040 [handler.py:handle_request():144] handle_request: status_report
2023-11-26 14:41:26,762 ERROR   gpu       :21040 [interfaces.py:monitor():144] Failed to sample metric: Not Supported
2023-11-26 14:41:27,489 DEBUG   HandlerThread:21040 [handler.py:handle_request():144] handle_request: partial_history
2023-11-26 14:41:27,490 DEBUG   SenderThread:21040 [sender.py:send():380] send: history
2023-11-26 14:41:27,490 DEBUG   SenderThread:21040 [sender.py:send_request():407] send_request: summary_record
2023-11-26 14:41:27,491 INFO    SenderThread:21040 [sender.py:_save_file():1378] saving file wandb-summary.json with policy end
2023-11-26 14:41:27,667 DEBUG   HandlerThread:21040 [handler.py:handle_request():144] handle_request: partial_history
2023-11-26 14:41:27,667 DEBUG   HandlerThread:21040 [handler.py:handle_request():144] handle_request: partial_history
2023-11-26 14:41:27,668 DEBUG   SenderThread:21040 [sender.py:send():380] send: history
2023-11-26 14:41:27,668 DEBUG   SenderThread:21040 [sender.py:send_request():407] send_request: summary_record
2023-11-26 14:41:27,669 INFO    SenderThread:21040 [sender.py:_save_file():1378] saving file wandb-summary.json with policy end
2023-11-26 14:41:27,669 DEBUG   SenderThread:21040 [sender.py:send():380] send: history
2023-11-26 14:41:27,670 DEBUG   SenderThread:21040 [sender.py:send_request():407] send_request: summary_record
2023-11-26 14:41:27,670 INFO    SenderThread:21040 [sender.py:_save_file():1378] saving file wandb-summary.json with policy end
2023-11-26 14:41:27,740 INFO    Thread-12 :21040 [dir_watcher.py:_on_file_modified():288] file/dir modified: E:\自动驾驶\车位检测\parking-space-Identification-in-different-weather-main\wandb\run-20231126_144011-b3c5v1d4\files\wandb-summary.json
2023-11-26 14:41:28,794 INFO    Thread-12 :21040 [dir_watcher.py:_on_file_modified():288] file/dir modified: E:\自动驾驶\车位检测\parking-space-Identification-in-different-weather-main\wandb\run-20231126_144011-b3c5v1d4\files\output.log
2023-11-26 14:41:28,824 ERROR   gpu       :21040 [interfaces.py:monitor():144] Failed to sample metric: Not Supported
2023-11-26 14:41:30,864 ERROR   gpu       :21040 [interfaces.py:monitor():144] Failed to sample metric: Not Supported
2023-11-26 14:41:31,603 DEBUG   HandlerThread:21040 [handler.py:handle_request():144] handle_request: partial_history
2023-11-26 14:41:31,604 DEBUG   SenderThread:21040 [sender.py:send():380] send: history
2023-11-26 14:41:31,604 DEBUG   SenderThread:21040 [sender.py:send_request():407] send_request: summary_record
2023-11-26 14:41:31,605 INFO    SenderThread:21040 [sender.py:_save_file():1378] saving file wandb-summary.json with policy end
2023-11-26 14:41:31,777 DEBUG   HandlerThread:21040 [handler.py:handle_request():144] handle_request: status_report
2023-11-26 14:41:31,786 DEBUG   HandlerThread:21040 [handler.py:handle_request():144] handle_request: partial_history
2023-11-26 14:41:31,787 DEBUG   HandlerThread:21040 [handler.py:handle_request():144] handle_request: partial_history
2023-11-26 14:41:31,788 DEBUG   SenderThread:21040 [sender.py:send():380] send: history
2023-11-26 14:41:31,788 DEBUG   SenderThread:21040 [sender.py:send_request():407] send_request: summary_record
2023-11-26 14:41:31,790 INFO    SenderThread:21040 [sender.py:_save_file():1378] saving file wandb-summary.json with policy end
2023-11-26 14:41:31,790 DEBUG   SenderThread:21040 [sender.py:send():380] send: history
2023-11-26 14:41:31,790 DEBUG   SenderThread:21040 [sender.py:send_request():407] send_request: summary_record
2023-11-26 14:41:31,790 INFO    SenderThread:21040 [sender.py:_save_file():1378] saving file wandb-summary.json with policy end
2023-11-26 14:41:31,839 INFO    Thread-12 :21040 [dir_watcher.py:_on_file_modified():288] file/dir modified: E:\自动驾驶\车位检测\parking-space-Identification-in-different-weather-main\wandb\run-20231126_144011-b3c5v1d4\files\wandb-summary.json
2023-11-26 14:41:32,891 INFO    Thread-12 :21040 [dir_watcher.py:_on_file_modified():288] file/dir modified: E:\自动驾驶\车位检测\parking-space-Identification-in-different-weather-main\wandb\run-20231126_144011-b3c5v1d4\files\output.log
2023-11-26 14:41:32,917 ERROR   gpu       :21040 [interfaces.py:monitor():144] Failed to sample metric: Not Supported
2023-11-26 14:41:34,966 ERROR   gpu       :21040 [interfaces.py:monitor():144] Failed to sample metric: Not Supported
2023-11-26 14:41:35,683 DEBUG   HandlerThread:21040 [handler.py:handle_request():144] handle_request: partial_history
2023-11-26 14:41:35,683 DEBUG   SenderThread:21040 [sender.py:send():380] send: history
2023-11-26 14:41:35,684 DEBUG   SenderThread:21040 [sender.py:send_request():407] send_request: summary_record
2023-11-26 14:41:35,684 INFO    SenderThread:21040 [sender.py:_save_file():1378] saving file wandb-summary.json with policy end
2023-11-26 14:41:35,854 DEBUG   HandlerThread:21040 [handler.py:handle_request():144] handle_request: partial_history
2023-11-26 14:41:35,854 DEBUG   HandlerThread:21040 [handler.py:handle_request():144] handle_request: partial_history
2023-11-26 14:41:35,855 DEBUG   SenderThread:21040 [sender.py:send():380] send: history
2023-11-26 14:41:35,855 DEBUG   SenderThread:21040 [sender.py:send_request():407] send_request: summary_record
2023-11-26 14:41:35,856 INFO    SenderThread:21040 [sender.py:_save_file():1378] saving file wandb-summary.json with policy end
2023-11-26 14:41:35,856 DEBUG   SenderThread:21040 [sender.py:send():380] send: history
2023-11-26 14:41:35,856 DEBUG   SenderThread:21040 [sender.py:send_request():407] send_request: summary_record
2023-11-26 14:41:35,857 INFO    SenderThread:21040 [sender.py:_save_file():1378] saving file wandb-summary.json with policy end
2023-11-26 14:41:35,960 INFO    Thread-12 :21040 [dir_watcher.py:_on_file_modified():288] file/dir modified: E:\自动驾驶\车位检测\parking-space-Identification-in-different-weather-main\wandb\run-20231126_144011-b3c5v1d4\files\wandb-summary.json
2023-11-26 14:41:36,785 ERROR   wandb-upload_0:21040 [internal_api.py:upload_file():2556] upload_file exception https://storage.googleapis.com/wandb-production.appspot.com/princeporch/uncategorized/b3c5v1d4/wandb-metadata.json?Expires=1701067234&GoogleAccessId=gorilla-files-url-signer-man%40wandb-production.iam.gserviceaccount.com&Signature=qCKz1wDiTKMZFRwLpM8BE0omEEJ2MXLbn3O6X1no5dppYGoqQNt%2FkssXB9qNBB8ezXvkhT1V8I69NjG4pm%2BxVmw7FI3ZU1g3bcqxsujgG%2BeLW7n2%2FtIvPVyexbg%2FWYGk9OJ4%2Fr2PJwk9BGmaSJV20JC4%2B6TZt%2BMUwMJ3oIH3Zrh7%2F9WXvI0hH9i9KDFfGjpO34%2BGkLEGmsXdZFqVa3BOwzDO3sv5s9I9ZOF%2Fbj2p2TYTUBYYytA6eXxEdUV%2FLW2R7xzLXtRbRCxHwGIkkhlIW7oQtGHHRukJrFUxfCjA1%2B7ky1XMP8BMlrqgbqRVkPk05%2F%2F4%2B5Fh39aDdyvgCXjhaQ%3D%3D: ('Connection aborted.', ConnectionResetError(10054, '远程主机强迫关闭了一个现有的连接。', None, 10054, None))
2023-11-26 14:41:36,785 ERROR   wandb-upload_0:21040 [internal_api.py:upload_file():2558] upload_file request headers: {'User-Agent': 'python-requests/2.29.0', 'Accept-Encoding': 'gzip, deflate, br', 'Accept': '*/*', 'Connection': 'keep-alive', 'Content-Length': '1282'}
2023-11-26 14:41:36,785 ERROR   wandb-upload_0:21040 [internal_api.py:upload_file():2560] upload_file response body: 
2023-11-26 14:41:36,872 DEBUG   HandlerThread:21040 [handler.py:handle_request():144] handle_request: status_report
2023-11-26 14:41:36,997 INFO    Thread-12 :21040 [dir_watcher.py:_on_file_modified():288] file/dir modified: E:\自动驾驶\车位检测\parking-space-Identification-in-different-weather-main\wandb\run-20231126_144011-b3c5v1d4\files\output.log
2023-11-26 14:41:37,024 ERROR   gpu       :21040 [interfaces.py:monitor():144] Failed to sample metric: Not Supported
2023-11-26 14:41:38,222 DEBUG   HandlerThread:21040 [handler.py:handle_request():144] handle_request: stop_status
2023-11-26 14:41:38,223 DEBUG   SenderThread:21040 [sender.py:send_request():407] send_request: stop_status
2023-11-26 14:41:38,238 DEBUG   HandlerThread:21040 [handler.py:handle_request():144] handle_request: internal_messages
2023-11-26 14:41:39,094 ERROR   gpu       :21040 [interfaces.py:monitor():144] Failed to sample metric: Not Supported
2023-11-26 14:41:39,791 DEBUG   HandlerThread:21040 [handler.py:handle_request():144] handle_request: partial_history
2023-11-26 14:41:39,792 DEBUG   SenderThread:21040 [sender.py:send():380] send: history
2023-11-26 14:41:39,792 DEBUG   SenderThread:21040 [sender.py:send_request():407] send_request: summary_record
2023-11-26 14:41:39,793 INFO    SenderThread:21040 [sender.py:_save_file():1378] saving file wandb-summary.json with policy end
2023-11-26 14:41:39,964 DEBUG   HandlerThread:21040 [handler.py:handle_request():144] handle_request: partial_history
2023-11-26 14:41:39,964 DEBUG   HandlerThread:21040 [handler.py:handle_request():144] handle_request: partial_history
2023-11-26 14:41:39,965 DEBUG   SenderThread:21040 [sender.py:send():380] send: history
2023-11-26 14:41:39,966 DEBUG   SenderThread:21040 [sender.py:send_request():407] send_request: summary_record
2023-11-26 14:41:39,966 INFO    SenderThread:21040 [sender.py:_save_file():1378] saving file wandb-summary.json with policy end
2023-11-26 14:41:39,967 DEBUG   SenderThread:21040 [sender.py:send():380] send: history
2023-11-26 14:41:39,967 DEBUG   SenderThread:21040 [sender.py:send_request():407] send_request: summary_record
2023-11-26 14:41:39,967 INFO    SenderThread:21040 [sender.py:_save_file():1378] saving file wandb-summary.json with policy end
2023-11-26 14:41:40,065 INFO    Thread-12 :21040 [dir_watcher.py:_on_file_modified():288] file/dir modified: E:\自动驾驶\车位检测\parking-space-Identification-in-different-weather-main\wandb\run-20231126_144011-b3c5v1d4\files\output.log
2023-11-26 14:41:40,066 INFO    Thread-12 :21040 [dir_watcher.py:_on_file_modified():288] file/dir modified: E:\自动驾驶\车位检测\parking-space-Identification-in-different-weather-main\wandb\run-20231126_144011-b3c5v1d4\files\wandb-summary.json
2023-11-26 14:41:41,136 ERROR   gpu       :21040 [interfaces.py:monitor():144] Failed to sample metric: Not Supported
2023-11-26 14:41:41,987 DEBUG   HandlerThread:21040 [handler.py:handle_request():144] handle_request: status_report
2023-11-26 14:41:43,181 ERROR   gpu       :21040 [interfaces.py:monitor():144] Failed to sample metric: Not Supported
2023-11-26 14:41:43,883 DEBUG   HandlerThread:21040 [handler.py:handle_request():144] handle_request: partial_history
2023-11-26 14:41:43,884 DEBUG   SenderThread:21040 [sender.py:send():380] send: history
2023-11-26 14:41:43,884 DEBUG   SenderThread:21040 [sender.py:send_request():407] send_request: summary_record
2023-11-26 14:41:43,886 INFO    SenderThread:21040 [sender.py:_save_file():1378] saving file wandb-summary.json with policy end
2023-11-26 14:41:44,112 DEBUG   HandlerThread:21040 [handler.py:handle_request():144] handle_request: partial_history
2023-11-26 14:41:44,113 DEBUG   HandlerThread:21040 [handler.py:handle_request():144] handle_request: partial_history
2023-11-26 14:41:44,114 DEBUG   SenderThread:21040 [sender.py:send():380] send: history
2023-11-26 14:41:44,115 DEBUG   SenderThread:21040 [sender.py:send_request():407] send_request: summary_record
2023-11-26 14:41:44,116 INFO    SenderThread:21040 [sender.py:_save_file():1378] saving file wandb-summary.json with policy end
2023-11-26 14:41:44,116 DEBUG   SenderThread:21040 [sender.py:send():380] send: history
2023-11-26 14:41:44,116 DEBUG   SenderThread:21040 [sender.py:send_request():407] send_request: summary_record
2023-11-26 14:41:44,117 INFO    SenderThread:21040 [sender.py:_save_file():1378] saving file wandb-summary.json with policy end
2023-11-26 14:41:44,179 INFO    Thread-12 :21040 [dir_watcher.py:_on_file_modified():288] file/dir modified: E:\自动驾驶\车位检测\parking-space-Identification-in-different-weather-main\wandb\run-20231126_144011-b3c5v1d4\files\wandb-summary.json
2023-11-26 14:41:45,243 ERROR   gpu       :21040 [interfaces.py:monitor():144] Failed to sample metric: Not Supported
2023-11-26 14:41:46,227 INFO    Thread-12 :21040 [dir_watcher.py:_on_file_modified():288] file/dir modified: E:\自动驾驶\车位检测\parking-space-Identification-in-different-weather-main\wandb\run-20231126_144011-b3c5v1d4\files\output.log
2023-11-26 14:41:46,310 DEBUG   SenderThread:21040 [sender.py:send():380] send: exit
2023-11-26 14:41:46,310 INFO    SenderThread:21040 [sender.py:send_exit():585] handling exit code: 255
2023-11-26 14:41:46,310 INFO    SenderThread:21040 [sender.py:send_exit():587] handling runtime: 89
2023-11-26 14:41:46,311 INFO    SenderThread:21040 [sender.py:_save_file():1378] saving file wandb-summary.json with policy end
2023-11-26 14:41:46,311 INFO    SenderThread:21040 [sender.py:send_exit():593] send defer
2023-11-26 14:41:46,311 DEBUG   HandlerThread:21040 [handler.py:handle_request():144] handle_request: defer
2023-11-26 14:41:46,311 INFO    HandlerThread:21040 [handler.py:handle_request_defer():170] handle defer: 0
2023-11-26 14:41:46,312 DEBUG   SenderThread:21040 [sender.py:send_request():407] send_request: defer
2023-11-26 14:41:46,312 INFO    SenderThread:21040 [sender.py:send_request_defer():609] handle sender defer: 0
2023-11-26 14:41:46,312 INFO    SenderThread:21040 [sender.py:transition_state():613] send defer: 1
2023-11-26 14:41:46,312 DEBUG   HandlerThread:21040 [handler.py:handle_request():144] handle_request: defer
2023-11-26 14:41:46,312 INFO    HandlerThread:21040 [handler.py:handle_request_defer():170] handle defer: 1
2023-11-26 14:41:46,312 DEBUG   SenderThread:21040 [sender.py:send_request():407] send_request: defer
2023-11-26 14:41:46,312 INFO    SenderThread:21040 [sender.py:send_request_defer():609] handle sender defer: 1
2023-11-26 14:41:46,312 INFO    SenderThread:21040 [sender.py:transition_state():613] send defer: 2
2023-11-26 14:41:46,312 DEBUG   HandlerThread:21040 [handler.py:handle_request():144] handle_request: defer
2023-11-26 14:41:46,312 INFO    HandlerThread:21040 [handler.py:handle_request_defer():170] handle defer: 2
2023-11-26 14:41:46,313 INFO    HandlerThread:21040 [system_monitor.py:finish():190] Stopping system monitor
2023-11-26 14:41:46,313 DEBUG   SystemMonitor:21040 [system_monitor.py:_start():166] Finished system metrics aggregation loop
2023-11-26 14:41:46,319 DEBUG   SystemMonitor:21040 [system_monitor.py:_start():170] Publishing last batch of metrics
2023-11-26 14:41:46,320 INFO    HandlerThread:21040 [interfaces.py:finish():202] Joined cpu monitor
2023-11-26 14:41:46,320 INFO    HandlerThread:21040 [interfaces.py:finish():202] Joined disk monitor
2023-11-26 14:41:46,349 INFO    HandlerThread:21040 [interfaces.py:finish():202] Joined gpu monitor
2023-11-26 14:41:46,350 INFO    HandlerThread:21040 [interfaces.py:finish():202] Joined memory monitor
2023-11-26 14:41:46,350 INFO    HandlerThread:21040 [interfaces.py:finish():202] Joined network monitor
2023-11-26 14:41:46,350 DEBUG   SenderThread:21040 [sender.py:send_request():407] send_request: defer
2023-11-26 14:41:46,350 INFO    SenderThread:21040 [sender.py:send_request_defer():609] handle sender defer: 2
2023-11-26 14:41:46,351 INFO    SenderThread:21040 [sender.py:transition_state():613] send defer: 3
2023-11-26 14:41:46,351 DEBUG   SenderThread:21040 [sender.py:send():380] send: stats
2023-11-26 14:41:46,351 DEBUG   HandlerThread:21040 [handler.py:handle_request():144] handle_request: defer
2023-11-26 14:41:46,351 INFO    HandlerThread:21040 [handler.py:handle_request_defer():170] handle defer: 3
2023-11-26 14:41:46,351 DEBUG   SenderThread:21040 [sender.py:send_request():407] send_request: defer
2023-11-26 14:41:46,351 INFO    SenderThread:21040 [sender.py:send_request_defer():609] handle sender defer: 3
2023-11-26 14:41:46,351 INFO    SenderThread:21040 [sender.py:transition_state():613] send defer: 4
2023-11-26 14:41:46,351 DEBUG   HandlerThread:21040 [handler.py:handle_request():144] handle_request: defer
2023-11-26 14:41:46,351 INFO    HandlerThread:21040 [handler.py:handle_request_defer():170] handle defer: 4
2023-11-26 14:41:46,352 DEBUG   SenderThread:21040 [sender.py:send_request():407] send_request: defer
2023-11-26 14:41:46,352 INFO    SenderThread:21040 [sender.py:send_request_defer():609] handle sender defer: 4
2023-11-26 14:41:46,352 INFO    SenderThread:21040 [sender.py:transition_state():613] send defer: 5
2023-11-26 14:41:46,352 DEBUG   HandlerThread:21040 [handler.py:handle_request():144] handle_request: defer
2023-11-26 14:41:46,352 INFO    HandlerThread:21040 [handler.py:handle_request_defer():170] handle defer: 5
2023-11-26 14:41:46,353 DEBUG   SenderThread:21040 [sender.py:send():380] send: summary
2023-11-26 14:41:46,353 INFO    SenderThread:21040 [sender.py:_save_file():1378] saving file wandb-summary.json with policy end
2023-11-26 14:41:46,354 DEBUG   SenderThread:21040 [sender.py:send_request():407] send_request: defer
2023-11-26 14:41:46,354 INFO    SenderThread:21040 [sender.py:send_request_defer():609] handle sender defer: 5
2023-11-26 14:41:46,354 INFO    SenderThread:21040 [sender.py:transition_state():613] send defer: 6
2023-11-26 14:41:46,354 DEBUG   HandlerThread:21040 [handler.py:handle_request():144] handle_request: defer
2023-11-26 14:41:46,354 INFO    HandlerThread:21040 [handler.py:handle_request_defer():170] handle defer: 6
2023-11-26 14:41:46,355 DEBUG   SenderThread:21040 [sender.py:send_request():407] send_request: defer
2023-11-26 14:41:46,355 INFO    SenderThread:21040 [sender.py:send_request_defer():609] handle sender defer: 6
2023-11-26 14:41:46,355 INFO    SenderThread:21040 [sender.py:transition_state():613] send defer: 7
2023-11-26 14:41:46,355 DEBUG   HandlerThread:21040 [handler.py:handle_request():144] handle_request: status_report
2023-11-26 14:41:46,355 DEBUG   HandlerThread:21040 [handler.py:handle_request():144] handle_request: defer
2023-11-26 14:41:46,355 INFO    HandlerThread:21040 [handler.py:handle_request_defer():170] handle defer: 7
2023-11-26 14:41:46,355 DEBUG   SenderThread:21040 [sender.py:send_request():407] send_request: defer
2023-11-26 14:41:46,355 INFO    SenderThread:21040 [sender.py:send_request_defer():609] handle sender defer: 7
